Log file open, 01/28/22 18:15:41
LogWindows: Failed to load 'aqProf.dll' (GetLastError=126)
LogWindows: File 'aqProf.dll' does not exist
LogWindows: Failed to load 'VtuneApi.dll' (GetLastError=126)
LogWindows: File 'VtuneApi.dll' does not exist
LogWindows: Failed to load 'VtuneApi32e.dll' (GetLastError=126)
LogWindows: File 'VtuneApi32e.dll' does not exist
LogConsoleResponse: Display: Failed to find resolution value strings in scalability ini. Falling back to default.
LogConsoleResponse: Display: Failed to find resolution value strings in scalability ini. Falling back to default.
LogInit: Display: Running engine for game: Inversion
LogPlatformFile: Not using cached read wrapper
LogTaskGraph: Started task graph with 5 named threads and 59 total threads with 3 sets of task threads.
LogStats: Stats thread started at 6.731315
LogICUInternationalization: ICU TimeZone Detection - Raw Offset: -5:00, Platform Override: ''
LogInit: Display: Loading text-based GConfig....
LogPluginManager: Mounting plugin MeshPainting
LogPluginManager: Mounting plugin XGEController
LogPluginManager: Mounting plugin Paper2D
LogPluginManager: Mounting plugin LiveLink
LogPluginManager: Mounting plugin LightPropagationVolume
LogPluginManager: Mounting plugin GameplayCameras
LogPluginManager: Mounting plugin AISupport
LogPluginManager: Mounting plugin CameraShakePreviewer
LogPluginManager: Mounting plugin EnvironmentQueryEditor
LogPluginManager: Mounting plugin OodleData
LogPluginManager: Mounting plugin OodleNetwork
LogPluginManager: Mounting plugin AnimationSharing
LogPluginManager: Mounting plugin CLionSourceCodeAccess
LogPluginManager: Mounting plugin CodeLiteSourceCodeAccess
LogPluginManager: Mounting plugin GitSourceControl
LogPluginManager: Mounting plugin NullSourceCodeAccess
LogPluginManager: Mounting plugin KDevelopSourceCodeAccess
LogPluginManager: Mounting plugin AssetManagerEditor
LogPluginManager: Mounting plugin PerforceSourceControl
LogPluginManager: Mounting plugin PlasticSourceControl
LogPluginManager: Mounting plugin PixWinPlugin
LogPluginManager: Mounting plugin PluginUtils
LogPluginManager: Mounting plugin PropertyAccessNode
LogPluginManager: Mounting plugin RiderSourceCodeAccess
LogPluginManager: Mounting plugin SubversionSourceControl
LogPluginManager: Mounting plugin TextureFormatOodle
LogPluginManager: Mounting plugin UObjectPlugin
LogPluginManager: Mounting plugin VisualStudioCodeSourceCodeAccess
LogPluginManager: Mounting plugin VisualStudioSourceCodeAccess
LogPluginManager: Mounting plugin XCodeSourceCodeAccess
LogPluginManager: Mounting plugin CryptoKeys
LogPluginManager: Mounting plugin DatasmithContent
LogPluginManager: Mounting plugin CurveEditorTools
LogPluginManager: Mounting plugin DataValidation
LogPluginManager: Mounting plugin FacialAnimation
LogPluginManager: Mounting plugin GameplayTagsEditor
LogPluginManager: Mounting plugin GeometryMode
LogPluginManager: Mounting plugin MacGraphicsSwitching
LogPluginManager: Mounting plugin MaterialAnalyzer
LogPluginManager: Mounting plugin MobileLauncherProfileWizard
LogPluginManager: Mounting plugin PluginBrowser
LogPluginManager: Mounting plugin SpeedTreeImporter
LogPluginManager: Mounting plugin VariantManagerContent
LogPluginManager: Mounting plugin AlembicImporter
LogPluginManager: Mounting plugin AutomationUtils
LogPluginManager: Mounting plugin BackChannel
LogPluginManager: Mounting plugin ChaosCloth
LogPluginManager: Mounting plugin ChaosClothEditor
LogPluginManager: Mounting plugin ChaosEditor
LogPluginManager: Mounting plugin ChaosNiagara
LogPluginManager: Mounting plugin ChaosSolverPlugin
LogPluginManager: Mounting plugin Niagara
LogPluginManager: Mounting plugin CharacterAI
LogPluginManager: Mounting plugin GeometryCache
LogPluginManager: Mounting plugin GeometryCollectionPlugin
LogPluginManager: Mounting plugin GeometryProcessing
LogPluginManager: Mounting plugin MotoSynth
LogPluginManager: Mounting plugin OpenImageDenoise
LogPluginManager: Mounting plugin PlanarCut
LogPluginManager: Mounting plugin PlatformCrypto
LogPluginManager: Mounting plugin ProxyLODPlugin
LogPluginManager: Mounting plugin PythonScriptPlugin
LogPluginManager: Mounting plugin RawInput
LogPluginManager: Mounting plugin LuminPlatformFeatures
LogPluginManager: Mounting plugin SkeletalReduction
LogPluginManager: Mounting plugin MagicLeap
LogPluginManager: Mounting plugin AndroidMedia
LogPluginManager: Mounting plugin MagicLeapLightEstimation
LogPluginManager: Mounting plugin MagicLeapMedia
LogPluginManager: Mounting plugin AvfMedia
LogPluginManager: Mounting plugin MagicLeapPassableWorld
LogPluginManager: Mounting plugin MLSDK
LogPluginManager: Mounting plugin TcpMessaging
LogPluginManager: Mounting plugin ActorSequence
LogPluginManager: Mounting plugin UdpMessaging
LogPluginManager: Mounting plugin ImgMedia
LogPluginManager: Mounting plugin MediaCompositing
LogPluginManager: Mounting plugin MediaPlayerEditor
LogPluginManager: Mounting plugin WebMMedia
LogPluginManager: Mounting plugin WmfMedia
LogPluginManager: Mounting plugin LauncherChunkInstaller
LogPluginManager: Mounting plugin LevelSequenceEditor
LogPluginManager: Mounting plugin MatineeToLevelSequence
LogPluginManager: Mounting plugin TemplateSequence
LogPluginManager: Mounting plugin ActorLayerUtilities
LogPluginManager: Mounting plugin AndroidDeviceProfileSelector
LogPluginManager: Mounting plugin AndroidMoviePlayer
LogPluginManager: Mounting plugin AndroidPermission
LogPluginManager: Mounting plugin AppleImageUtils
LogPluginManager: Mounting plugin AppleMoviePlayer
LogPluginManager: Mounting plugin ArchVisCharacter
LogPluginManager: Mounting plugin AssetTags
LogPluginManager: Mounting plugin OnlineSubsystem
LogPluginManager: Mounting plugin AudioCapture
LogPluginManager: Mounting plugin OnlineSubsystemNull
LogPluginManager: Mounting plugin AudioSynesthesia
LogPluginManager: Mounting plugin OnlineSubsystemUtils
LogPluginManager: Mounting plugin CableComponent
LogPluginManager: Mounting plugin CustomMeshComponent
LogPluginManager: Mounting plugin ChunkDownloader
LogPluginManager: Mounting plugin EditableMesh
LogPluginManager: Mounting plugin ExampleDeviceProfileSelector
LogPluginManager: Mounting plugin GoogleCloudMessaging
LogPluginManager: Mounting plugin GooglePAD
LogPluginManager: Mounting plugin IOSDeviceProfileSelector
LogPluginManager: Mounting plugin LinuxDeviceProfileSelector
LogPluginManager: Mounting plugin LocationServicesBPLibrary
LogPluginManager: Mounting plugin MobilePatchingUtils
LogPluginManager: Mounting plugin OpenXR
LogPluginManager: Mounting plugin OpenXREyeTracker
LogPluginManager: Mounting plugin OpenXRHandTracking
LogPluginManager: Mounting plugin PhysXVehicles
LogPluginManager: Mounting plugin PostSplashScreen
LogPluginManager: Mounting plugin ProceduralMeshComponent
LogPluginManager: Mounting plugin PropertyAccessEditor
LogPluginManager: Mounting plugin RuntimePhysXCooking
LogPluginManager: Mounting plugin SignificanceManager
LogPluginManager: Mounting plugin SoundFields
LogPluginManager: Mounting plugin Synthesis
LogPluginManager: Mounting plugin WebMMoviePlayer
LogPluginManager: Mounting plugin WindowsMoviePlayer
LogPluginManager: Mounting plugin ScreenshotTools
LogPluginManager: Mounting plugin Takes
LogPluginManager: Mounting plugin ContentBrowserAssetDataSource
LogPluginManager: Mounting plugin ContentBrowserClassDataSource
LogPluginManager: Mounting plugin ContentBrowserFileDataSource
LogPluginManager: Mounting plugin OnlineSubsystemGooglePlay
LogPluginManager: Mounting plugin OnlineSubsystemIOS
LogPluginManager: Mounting plugin OculusVR
LogPluginManager: Mounting plugin SteamVR
PixWinPlugin: PIX capture plugin failed to initialize! Check that the process is launched from PIX.
LogInit: Using libcurl 7.55.1-DEV
LogInit:  - built for x86_64-pc-win32
LogInit:  - supports SSL with OpenSSL/1.1.1
LogInit:  - supports HTTP deflate (compression) using libz 1.2.8
LogInit:  - other features:
LogInit:      CURL_VERSION_SSL
LogInit:      CURL_VERSION_LIBZ
LogInit:      CURL_VERSION_IPV6
LogInit:      CURL_VERSION_ASYNCHDNS
LogInit:      CURL_VERSION_LARGEFILE
LogInit:      CURL_VERSION_IDN
LogInit:  CurlRequestOptions (configurable via config and command line):
LogInit:  - bVerifyPeer = true  - Libcurl will verify peer certificate
LogInit:  - bUseHttpProxy = false  - Libcurl will NOT use HTTP proxy
LogInit:  - bDontReuseConnections = false  - Libcurl will reuse connections
LogInit:  - MaxHostConnections = 16  - Libcurl will limit the number of connections to a host
LogInit:  - LocalHostAddr = Default
LogInit:  - BufferSize = 65536
LogOnline: OSS: Creating online subsystem instance for: NULL
LogInit: WinSock: version 1.1 (2.2), MaxSocks=32767, MaxUdp=65467
LogOnline: OSS: TryLoadSubsystemAndSetDefault: Loaded subsystem for module [NULL]
LogOculusPluginWrapper: OculusPlugin initialized successfully
LogHMD: Failed initializing OVRPlugin 1.59.0
LogInit: Build: ++UE4+Release-4.27-CL-18319896
LogInit: Engine Version: 4.27.2-18319896+++UE4+Release-4.27
LogInit: Compatible Engine Version: 4.27.0-17155196+++UE4+Release-4.27
LogInit: Net CL: 17155196
LogInit: OS: Windows 10 (Release 2009) (), CPU: Intel(R) Core(TM) i9-10850K CPU @ 3.60GHz, GPU: NVIDIA GeForce RTX 3060 Ti
LogInit: Compiled (64-bit): Nov 30 2021 07:12:08
LogInit: Compiled with Visual C++: 19.24.28315.00
LogInit: Build Configuration: Development
LogInit: Branch Name: ++UE4+Release-4.27
LogInit: Command Line: 
LogInit: Base Directory: D:/Epic_games_library/UE_4.27/Engine/Binaries/Win64/
LogInit: Allocator: TBB
LogInit: Installed Engine Build: 1
LogDevObjectVersion: Number of dev versions registered: 29
LogDevObjectVersion:   Dev-Blueprints (B0D832E4-1F89-4F0D-ACCF-7EB736FD4AA2): 10
LogDevObjectVersion:   Dev-Build (E1C64328-A22C-4D53-A36C-8E866417BD8C): 0
LogDevObjectVersion:   Dev-Core (375EC13C-06E4-48FB-B500-84F0262A717E): 4
LogDevObjectVersion:   Dev-Editor (E4B068ED-F494-42E9-A231-DA0B2E46BB41): 40
LogDevObjectVersion:   Dev-Framework (CFFC743F-43B0-4480-9391-14DF171D2073): 37
LogDevObjectVersion:   Dev-Mobile (B02B49B5-BB20-44E9-A304-32B752E40360): 3
LogDevObjectVersion:   Dev-Networking (A4E4105C-59A1-49B5-A7C5-40C4547EDFEE): 0
LogDevObjectVersion:   Dev-Online (39C831C9-5AE6-47DC-9A44-9C173E1C8E7C): 0
LogDevObjectVersion:   Dev-Physics (78F01B33-EBEA-4F98-B9B4-84EACCB95AA2): 14
LogDevObjectVersion:   Dev-Platform (6631380F-2D4D-43E0-8009-CF276956A95A): 0
LogDevObjectVersion:   Dev-Rendering (12F88B9F-8875-4AFC-A67C-D90C383ABD29): 45
LogDevObjectVersion:   Dev-Sequencer (7B5AE74C-D270-4C10-A958-57980B212A5A): 13
LogDevObjectVersion:   Dev-VR (D7296918-1DD6-4BDD-9DE2-64A83CC13884): 3
LogDevObjectVersion:   Dev-LoadTimes (C2A15278-BFE7-4AFE-6C17-90FF531DF755): 1
LogDevObjectVersion:   Private-Geometry (6EACA3D4-40EC-4CC1-B786-8BED09428FC5): 3
LogDevObjectVersion:   Dev-AnimPhys (29E575DD-E0A3-4627-9D10-D276232CDCEA): 17
LogDevObjectVersion:   Dev-Anim (AF43A65D-7FD3-4947-9873-3E8ED9C1BB05): 15
LogDevObjectVersion:   Dev-ReflectionCapture (6B266CEC-1EC7-4B8F-A30B-E4D90942FC07): 1
LogDevObjectVersion:   Dev-Automation (0DF73D61-A23F-47EA-B727-89E90C41499A): 1
LogDevObjectVersion:   FortniteMain (601D1886-AC64-4F84-AA16-D3DE0DEAC7D6): 47
LogDevObjectVersion:   FortniteRelease (E7086368-6B23-4C58-8439-1B7016265E91): 1
LogDevObjectVersion:   Dev-Enterprise (9DFFBCD6-494F-0158-E221-12823C92A888): 10
LogDevObjectVersion:   Dev-Niagara (F2AED0AC-9AFE-416F-8664-AA7FFA26D6FC): 1
LogDevObjectVersion:   Dev-Destruction (174F1F0B-B4C6-45A5-B13F-2EE8D0FB917D): 10
LogDevObjectVersion:   Dev-Physics-Ext (35F94A83-E258-406C-A318-09F59610247C): 41
LogDevObjectVersion:   Dev-PhysicsMaterial-Chaos (B68FC16E-8B1B-42E2-B453-215C058844FE): 1
LogDevObjectVersion:   Dev-CineCamera (B2E18506-4273-CFC2-A54E-F4BB758BBA07): 1
LogDevObjectVersion:   Dev-VirtualProduction (64F58936-FD1B-42BA-BA96-7289D5D0FA4E): 1
LogDevObjectVersion:   Dev-MediaFramework (6F0ED827-A609-4895-9C91-998D90180EA4): 2
LogInit: Presizing for max 25165824 objects, including 0 objects not considered by GC, pre-allocating 0 bytes for permanent pool.
LogConfig: Applying CVar settings from Section [/Script/Engine.StreamingSettings] File [D:/game_jam/Inversion/Saved/Config/Windows/Engine.ini]
LogConfig: Setting CVar [[s.MinBulkDataSizeForAsyncLoading:131072]]
LogConfig: Setting CVar [[s.AsyncLoadingThreadEnabled:0]]
LogConfig: Setting CVar [[s.EventDrivenLoaderEnabled:1]]
LogConfig: Setting CVar [[s.WarnIfTimeLimitExceeded:0]]
LogConfig: Setting CVar [[s.TimeLimitExceededMultiplier:1.5]]
LogConfig: Setting CVar [[s.TimeLimitExceededMinTime:0.005]]
LogConfig: Setting CVar [[s.UseBackgroundLevelStreaming:1]]
LogConfig: Setting CVar [[s.PriorityAsyncLoadingExtraTime:15.0]]
LogConfig: Setting CVar [[s.LevelStreamingActorsUpdateTimeLimit:5.0]]
LogConfig: Setting CVar [[s.PriorityLevelStreamingActorsUpdateExtraTime:5.0]]
LogConfig: Setting CVar [[s.LevelStreamingComponentsRegistrationGranularity:10]]
LogConfig: Setting CVar [[s.UnregisterComponentsTimeLimit:1.0]]
LogConfig: Setting CVar [[s.LevelStreamingComponentsUnregistrationGranularity:5]]
LogConfig: Setting CVar [[s.FlushStreamingOnExit:1]]
LogInit: Object subsystem initialized
LogConfig: Setting CVar [[con.DebugEarlyDefault:1]]
LogConfig: Setting CVar [[r.setres:1280x720]]
[2022.01.28-23.15.46:103][  0]LogConfig: Setting CVar [[r.VSync:0]]
[2022.01.28-23.15.46:103][  0]LogConfig: Setting CVar [[r.RHICmdBypass:0]]
[2022.01.28-23.15.46:104][  0]LogConfig: Applying CVar settings from Section [/Script/Engine.RendererSettings] File [D:/game_jam/Inversion/Saved/Config/Windows/Engine.ini]
[2022.01.28-23.15.46:104][  0]LogConfig: Setting CVar [[r.GPUCrashDebugging:0]]
[2022.01.28-23.15.46:104][  0]LogConfig: Applying CVar settings from Section [/Script/Engine.RendererOverrideSettings] File [D:/game_jam/Inversion/Saved/Config/Windows/Engine.ini]
[2022.01.28-23.15.46:104][  0]LogConfig: Applying CVar settings from Section [/Script/Engine.StreamingSettings] File [D:/game_jam/Inversion/Saved/Config/Windows/Engine.ini]
[2022.01.28-23.15.46:104][  0]LogConfig: Setting CVar [[s.MinBulkDataSizeForAsyncLoading:131072]]
[2022.01.28-23.15.46:104][  0]LogConfig: Setting CVar [[s.AsyncLoadingThreadEnabled:0]]
[2022.01.28-23.15.46:104][  0]LogConfig: Setting CVar [[s.EventDrivenLoaderEnabled:1]]
[2022.01.28-23.15.46:104][  0]LogConfig: Setting CVar [[s.WarnIfTimeLimitExceeded:0]]
[2022.01.28-23.15.46:104][  0]LogConfig: Setting CVar [[s.TimeLimitExceededMultiplier:1.5]]
[2022.01.28-23.15.46:104][  0]LogConfig: Setting CVar [[s.TimeLimitExceededMinTime:0.005]]
[2022.01.28-23.15.46:104][  0]LogConfig: Setting CVar [[s.UseBackgroundLevelStreaming:1]]
[2022.01.28-23.15.46:104][  0]LogConfig: Setting CVar [[s.PriorityAsyncLoadingExtraTime:15.0]]
[2022.01.28-23.15.46:104][  0]LogConfig: Setting CVar [[s.LevelStreamingActorsUpdateTimeLimit:5.0]]
[2022.01.28-23.15.46:104][  0]LogConfig: Setting CVar [[s.PriorityLevelStreamingActorsUpdateExtraTime:5.0]]
[2022.01.28-23.15.46:104][  0]LogConfig: Setting CVar [[s.LevelStreamingComponentsRegistrationGranularity:10]]
[2022.01.28-23.15.46:104][  0]LogConfig: Setting CVar [[s.UnregisterComponentsTimeLimit:1.0]]
[2022.01.28-23.15.46:104][  0]LogConfig: Setting CVar [[s.LevelStreamingComponentsUnregistrationGranularity:5]]
[2022.01.28-23.15.46:104][  0]LogConfig: Setting CVar [[s.FlushStreamingOnExit:1]]
[2022.01.28-23.15.46:104][  0]LogConfig: Applying CVar settings from Section [/Script/Engine.GarbageCollectionSettings] File [D:/game_jam/Inversion/Saved/Config/Windows/Engine.ini]
[2022.01.28-23.15.46:104][  0]LogConfig: Setting CVar [[gc.MaxObjectsNotConsideredByGC:1]]
[2022.01.28-23.15.46:104][  0]LogConfig: Setting CVar [[gc.SizeOfPermanentObjectPool:0]]
[2022.01.28-23.15.46:104][  0]LogConfig: Setting CVar [[gc.FlushStreamingOnGC:0]]
[2022.01.28-23.15.46:104][  0]LogConfig: Setting CVar [[gc.NumRetriesBeforeForcingGC:10]]
[2022.01.28-23.15.46:104][  0]LogConfig: Setting CVar [[gc.AllowParallelGC:1]]
[2022.01.28-23.15.46:104][  0]LogConfig: Setting CVar [[gc.TimeBetweenPurgingPendingKillObjects:61.1]]
[2022.01.28-23.15.46:104][  0]LogConfig: Setting CVar [[gc.MaxObjectsInEditor:25165824]]
[2022.01.28-23.15.46:104][  0]LogConfig: Setting CVar [[gc.IncrementalBeginDestroyEnabled:1]]
[2022.01.28-23.15.46:104][  0]LogConfig: Setting CVar [[gc.CreateGCClusters:1]]
[2022.01.28-23.15.46:104][  0]LogConfig: Setting CVar [[gc.MinGCClusterSize:5]]
[2022.01.28-23.15.46:104][  0]LogConfig: Setting CVar [[gc.ActorClusteringEnabled:0]]
[2022.01.28-23.15.46:104][  0]LogConfig: Setting CVar [[gc.BlueprintClusteringEnabled:0]]
[2022.01.28-23.15.46:104][  0]LogConfig: Setting CVar [[gc.UseDisregardForGCOnDedicatedServers:0]]
[2022.01.28-23.15.46:104][  0]LogConfig: Setting CVar [[gc.MultithreadedDestructionEnabled:1]]
[2022.01.28-23.15.46:104][  0]LogConfig: Applying CVar settings from Section [/Script/Engine.NetworkSettings] File [D:/game_jam/Inversion/Saved/Config/Windows/Engine.ini]
[2022.01.28-23.15.46:104][  0]LogConfig: Applying CVar settings from Section [/Script/UnrealEd.CookerSettings] File [D:/game_jam/Inversion/Saved/Config/Windows/Engine.ini]
[2022.01.28-23.15.46:132][  0]LogConfig: Applying CVar settings from Section [ViewDistanceQuality@3] File [D:/game_jam/Inversion/Saved/Config/Windows/Scalability.ini]
[2022.01.28-23.15.46:132][  0]LogConfig: Setting CVar [[r.SkeletalMeshLODBias:0]]
[2022.01.28-23.15.46:132][  0]LogConfig: Setting CVar [[r.ViewDistanceScale:1.0]]
[2022.01.28-23.15.46:133][  0]LogConfig: Applying CVar settings from Section [AntiAliasingQuality@3] File [D:/game_jam/Inversion/Saved/Config/Windows/Scalability.ini]
[2022.01.28-23.15.46:133][  0]LogConfig: Setting CVar [[r.PostProcessAAQuality:4]]
[2022.01.28-23.15.46:133][  0]LogConfig: Applying CVar settings from Section [ShadowQuality@3] File [D:/game_jam/Inversion/Saved/Config/Windows/Scalability.ini]
[2022.01.28-23.15.46:133][  0]LogConfig: Setting CVar [[r.LightFunctionQuality:1]]
[2022.01.28-23.15.46:133][  0]LogConfig: Setting CVar [[r.ShadowQuality:5]]
[2022.01.28-23.15.46:133][  0]LogConfig: Setting CVar [[r.Shadow.CSM.MaxCascades:10]]
[2022.01.28-23.15.46:133][  0]LogConfig: Setting CVar [[r.Shadow.MaxResolution:2048]]
[2022.01.28-23.15.46:133][  0]LogConfig: Setting CVar [[r.Shadow.MaxCSMResolution:2048]]
[2022.01.28-23.15.46:133][  0]LogConfig: Setting CVar [[r.Shadow.RadiusThreshold:0.01]]
[2022.01.28-23.15.46:133][  0]LogConfig: Setting CVar [[r.Shadow.DistanceScale:1.0]]
[2022.01.28-23.15.46:133][  0]LogConfig: Setting CVar [[r.Shadow.CSM.TransitionScale:1.0]]
[2022.01.28-23.15.46:133][  0]LogConfig: Setting CVar [[r.Shadow.PreShadowResolutionFactor:1.0]]
[2022.01.28-23.15.46:133][  0]LogConfig: Setting CVar [[r.DistanceFieldShadowing:1]]
[2022.01.28-23.15.46:133][  0]LogConfig: Setting CVar [[r.DistanceFieldAO:1]]
[2022.01.28-23.15.46:133][  0]LogConfig: Setting CVar [[r.AOQuality:2]]
[2022.01.28-23.15.46:133][  0]LogConfig: Setting CVar [[r.VolumetricFog:1]]
[2022.01.28-23.15.46:133][  0]LogConfig: Setting CVar [[r.VolumetricFog.GridPixelSize:8]]
[2022.01.28-23.15.46:133][  0]LogConfig: Setting CVar [[r.VolumetricFog.GridSizeZ:128]]
[2022.01.28-23.15.46:133][  0]LogConfig: Setting CVar [[r.VolumetricFog.HistoryMissSupersampleCount:4]]
[2022.01.28-23.15.46:133][  0]LogConfig: Setting CVar [[r.LightMaxDrawDistanceScale:1]]
[2022.01.28-23.15.46:133][  0]LogConfig: Setting CVar [[r.CapsuleShadows:1]]
[2022.01.28-23.15.46:133][  0]LogConfig: Applying CVar settings from Section [PostProcessQuality@3] File [D:/game_jam/Inversion/Saved/Config/Windows/Scalability.ini]
[2022.01.28-23.15.46:133][  0]LogConfig: Setting CVar [[r.MotionBlurQuality:4]]
[2022.01.28-23.15.46:133][  0]LogConfig: Setting CVar [[r.AmbientOcclusionMipLevelFactor:0.4]]
[2022.01.28-23.15.46:133][  0]LogConfig: Setting CVar [[r.AmbientOcclusionMaxQuality:100]]
[2022.01.28-23.15.46:133][  0]LogConfig: Setting CVar [[r.AmbientOcclusionLevels:-1]]
[2022.01.28-23.15.46:133][  0]LogConfig: Setting CVar [[r.AmbientOcclusionRadiusScale:1.0]]
[2022.01.28-23.15.46:133][  0]LogConfig: Setting CVar [[r.DepthOfFieldQuality:2]]
[2022.01.28-23.15.46:133][  0]LogConfig: Setting CVar [[r.RenderTargetPoolMin:400]]
[2022.01.28-23.15.46:133][  0]LogConfig: Setting CVar [[r.LensFlareQuality:2]]
[2022.01.28-23.15.46:133][  0]LogConfig: Setting CVar [[r.SceneColorFringeQuality:1]]
[2022.01.28-23.15.46:133][  0]LogConfig: Setting CVar [[r.EyeAdaptationQuality:2]]
[2022.01.28-23.15.46:133][  0]LogConfig: Setting CVar [[r.BloomQuality:5]]
[2022.01.28-23.15.46:133][  0]LogConfig: Setting CVar [[r.FastBlurThreshold:100]]
[2022.01.28-23.15.46:133][  0]LogConfig: Setting CVar [[r.Upscale.Quality:3]]
[2022.01.28-23.15.46:133][  0]LogConfig: Setting CVar [[r.Tonemapper.GrainQuantization:1]]
[2022.01.28-23.15.46:133][  0]LogConfig: Setting CVar [[r.LightShaftQuality:1]]
[2022.01.28-23.15.46:133][  0]LogConfig: Setting CVar [[r.Filter.SizeScale:1]]
[2022.01.28-23.15.46:133][  0]LogConfig: Setting CVar [[r.Tonemapper.Quality:5]]
[2022.01.28-23.15.46:133][  0]LogConfig: Setting CVar [[r.DOF.Gather.AccumulatorQuality:1        ; higher gathering accumulator quality]]
[2022.01.28-23.15.46:133][  0]LogConfig: Setting CVar [[r.DOF.Gather.PostfilterMethod:1          ; Median3x3 postfilering method]]
[2022.01.28-23.15.46:133][  0]LogConfig: Setting CVar [[r.DOF.Gather.EnableBokehSettings:0       ; no bokeh simulation when gathering]]
[2022.01.28-23.15.46:133][  0]LogConfig: Setting CVar [[r.DOF.Gather.RingCount:4                 ; medium number of samples when gathering]]
[2022.01.28-23.15.46:133][  0]LogConfig: Setting CVar [[r.DOF.Scatter.ForegroundCompositing:1    ; additive foreground scattering]]
[2022.01.28-23.15.46:133][  0]LogConfig: Setting CVar [[r.DOF.Scatter.BackgroundCompositing:2    ; additive background scattering]]
[2022.01.28-23.15.46:133][  0]LogConfig: Setting CVar [[r.DOF.Scatter.EnableBokehSettings:1      ; bokeh simulation when scattering]]
[2022.01.28-23.15.46:133][  0]LogConfig: Setting CVar [[r.DOF.Scatter.MaxSpriteRatio:0.1         ; only a maximum of 10% of scattered bokeh]]
[2022.01.28-23.15.46:133][  0]LogConfig: Setting CVar [[r.DOF.Recombine.Quality:1                ; cheap slight out of focus]]
[2022.01.28-23.15.46:133][  0]LogConfig: Setting CVar [[r.DOF.Recombine.EnableBokehSettings:0    ; no bokeh simulation on slight out of focus]]
[2022.01.28-23.15.46:133][  0]LogConfig: Setting CVar [[r.DOF.TemporalAAQuality:1                ; more stable temporal accumulation]]
[2022.01.28-23.15.46:133][  0]LogConfig: Setting CVar [[r.DOF.Kernel.MaxForegroundRadius:0.025]]
[2022.01.28-23.15.46:133][  0]LogConfig: Setting CVar [[r.DOF.Kernel.MaxBackgroundRadius:0.025]]
[2022.01.28-23.15.46:133][  0]LogConfig: Applying CVar settings from Section [TextureQuality@3] File [D:/game_jam/Inversion/Saved/Config/Windows/Scalability.ini]
[2022.01.28-23.15.46:133][  0]LogConfig: Setting CVar [[r.Streaming.MipBias:0]]
[2022.01.28-23.15.46:133][  0]LogConfig: Setting CVar [[r.Streaming.AmortizeCPUToGPUCopy:0]]
[2022.01.28-23.15.46:133][  0]LogConfig: Setting CVar [[r.Streaming.MaxNumTexturesToStreamPerFrame:0]]
[2022.01.28-23.15.46:133][  0]LogConfig: Setting CVar [[r.Streaming.Boost:1]]
[2022.01.28-23.15.46:133][  0]LogConfig: Setting CVar [[r.MaxAnisotropy:8]]
[2022.01.28-23.15.46:133][  0]LogConfig: Setting CVar [[r.VT.MaxAnisotropy:8]]
[2022.01.28-23.15.46:133][  0]LogConfig: Setting CVar [[r.Streaming.LimitPoolSizeToVRAM:0]]
[2022.01.28-23.15.46:133][  0]LogConfig: Setting CVar [[r.Streaming.PoolSize:1000]]
[2022.01.28-23.15.46:133][  0]LogConfig: Setting CVar [[r.Streaming.MaxEffectiveScreenSize:0]]
[2022.01.28-23.15.46:133][  0]LogConfig: Applying CVar settings from Section [EffectsQuality@3] File [D:/game_jam/Inversion/Saved/Config/Windows/Scalability.ini]
[2022.01.28-23.15.46:133][  0]LogConfig: Setting CVar [[r.TranslucencyLightingVolumeDim:64]]
[2022.01.28-23.15.46:133][  0]LogConfig: Setting CVar [[r.RefractionQuality:2]]
[2022.01.28-23.15.46:133][  0]LogConfig: Setting CVar [[r.SSR.Quality:3]]
[2022.01.28-23.15.46:133][  0]LogConfig: Setting CVar [[r.SSR.HalfResSceneColor:0]]
[2022.01.28-23.15.46:133][  0]LogConfig: Setting CVar [[r.SceneColorFormat:4]]
[2022.01.28-23.15.46:133][  0]LogConfig: Setting CVar [[r.DetailMode:2]]
[2022.01.28-23.15.46:133][  0]LogConfig: Setting CVar [[r.TranslucencyVolumeBlur:1]]
[2022.01.28-23.15.46:133][  0]LogConfig: Setting CVar [[r.MaterialQualityLevel:1 ; High quality]]
[2022.01.28-23.15.46:133][  0]LogConfig: Setting CVar [[r.AnisotropicMaterials:1]]
[2022.01.28-23.15.46:133][  0]LogConfig: Setting CVar [[r.SSS.Scale:1]]
[2022.01.28-23.15.46:133][  0]LogConfig: Setting CVar [[r.SSS.SampleSet:2]]
[2022.01.28-23.15.46:133][  0]LogConfig: Setting CVar [[r.SSS.Quality:1]]
[2022.01.28-23.15.46:133][  0]LogConfig: Setting CVar [[r.SSS.HalfRes:0]]
[2022.01.28-23.15.46:133][  0]LogConfig: Setting CVar [[r.SSGI.Quality:3]]
[2022.01.28-23.15.46:133][  0]LogConfig: Setting CVar [[r.EmitterSpawnRateScale:1.0]]
[2022.01.28-23.15.46:133][  0]LogConfig: Setting CVar [[r.ParticleLightQuality:2]]
[2022.01.28-23.15.46:133][  0]LogConfig: Setting CVar [[r.SkyAtmosphere.AerialPerspectiveLUT.FastApplyOnOpaque:1 ; Always have FastSkyLUT 1 in this case to avoid wrong sky]]
[2022.01.28-23.15.46:133][  0]LogConfig: Setting CVar [[r.SkyAtmosphere.AerialPerspectiveLUT.SampleCountMaxPerSlice:4]]
[2022.01.28-23.15.46:133][  0]LogConfig: Setting CVar [[r.SkyAtmosphere.AerialPerspectiveLUT.DepthResolution:16.0]]
[2022.01.28-23.15.46:133][  0]LogConfig: Setting CVar [[r.SkyAtmosphere.FastSkyLUT:1]]
[2022.01.28-23.15.46:133][  0]LogConfig: Setting CVar [[r.SkyAtmosphere.FastSkyLUT.SampleCountMin:4.0]]
[2022.01.28-23.15.46:133][  0]LogConfig: Setting CVar [[r.SkyAtmosphere.FastSkyLUT.SampleCountMax:128.0]]
[2022.01.28-23.15.46:133][  0]LogConfig: Setting CVar [[r.SkyAtmosphere.SampleCountMin:4.0]]
[2022.01.28-23.15.46:133][  0]LogConfig: Setting CVar [[r.SkyAtmosphere.SampleCountMax:128.0]]
[2022.01.28-23.15.46:133][  0]LogConfig: Setting CVar [[r.SkyAtmosphere.TransmittanceLUT.UseSmallFormat:0]]
[2022.01.28-23.15.46:133][  0]LogConfig: Setting CVar [[r.SkyAtmosphere.TransmittanceLUT.SampleCount:10.0]]
[2022.01.28-23.15.46:133][  0]LogConfig: Setting CVar [[r.SkyAtmosphere.MultiScatteringLUT.SampleCount:15.0]]
[2022.01.28-23.15.46:133][  0]LogConfig: Setting CVar [[r.SkyLight.RealTimeReflectionCapture:1]]
[2022.01.28-23.15.46:133][  0]LogConfig: Applying CVar settings from Section [FoliageQuality@3] File [D:/game_jam/Inversion/Saved/Config/Windows/Scalability.ini]
[2022.01.28-23.15.46:133][  0]LogConfig: Setting CVar [[foliage.DensityScale:1.0]]
[2022.01.28-23.15.46:133][  0]LogConfig: Setting CVar [[grass.DensityScale:1.0]]
[2022.01.28-23.15.46:133][  0]LogConfig: Applying CVar settings from Section [ShadingQuality@3] File [D:/game_jam/Inversion/Saved/Config/Windows/Scalability.ini]
[2022.01.28-23.15.46:133][  0]LogConfig: Setting CVar [[r.HairStrands.SkyLighting.IntegrationType:2]]
[2022.01.28-23.15.46:133][  0]LogConfig: Setting CVar [[r.HairStrands.SkyAO.SampleCount:4]]
[2022.01.28-23.15.46:133][  0]LogConfig: Setting CVar [[r.HairStrands.Visibility.MSAA.SamplePerPixel:4]]
[2022.01.28-23.15.46:134][  0]LogInit: Selected Device Profile: [Windows]
[2022.01.28-23.15.46:144][  0]LogInit: Applying CVar settings loaded from the selected device profile: [Windows]
[2022.01.28-23.15.46:145][  0]LogHAL: Display: Platform has ~ 32 GB [34252369920 / 34359738368 / 32], which maps to Largest [LargestMinGB=32, LargerMinGB=12, DefaultMinGB=8, SmallerMinGB=6, SmallestMinGB=0)
[2022.01.28-23.15.46:145][  0]LogInit: Going up to parent DeviceProfile []
[2022.01.28-23.15.46:145][  0]LogConfig: Applying CVar settings from Section [ViewDistanceQuality@3] File [D:/game_jam/Inversion/Saved/Config/Windows/Scalability.ini]
[2022.01.28-23.15.46:145][  0]LogConfig: Setting CVar [[r.SkeletalMeshLODBias:0]]
[2022.01.28-23.15.46:145][  0]LogConfig: Setting CVar [[r.ViewDistanceScale:1.0]]
[2022.01.28-23.15.46:145][  0]LogConfig: Applying CVar settings from Section [AntiAliasingQuality@3] File [D:/game_jam/Inversion/Saved/Config/Windows/Scalability.ini]
[2022.01.28-23.15.46:145][  0]LogConfig: Setting CVar [[r.PostProcessAAQuality:4]]
[2022.01.28-23.15.46:145][  0]LogConfig: Applying CVar settings from Section [ShadowQuality@3] File [D:/game_jam/Inversion/Saved/Config/Windows/Scalability.ini]
[2022.01.28-23.15.46:145][  0]LogConfig: Setting CVar [[r.LightFunctionQuality:1]]
[2022.01.28-23.15.46:145][  0]LogConfig: Setting CVar [[r.ShadowQuality:5]]
[2022.01.28-23.15.46:145][  0]LogConfig: Setting CVar [[r.Shadow.CSM.MaxCascades:10]]
[2022.01.28-23.15.46:145][  0]LogConfig: Setting CVar [[r.Shadow.MaxResolution:2048]]
[2022.01.28-23.15.46:145][  0]LogConfig: Setting CVar [[r.Shadow.MaxCSMResolution:2048]]
[2022.01.28-23.15.46:145][  0]LogConfig: Setting CVar [[r.Shadow.RadiusThreshold:0.01]]
[2022.01.28-23.15.46:145][  0]LogConfig: Setting CVar [[r.Shadow.DistanceScale:1.0]]
[2022.01.28-23.15.46:145][  0]LogConfig: Setting CVar [[r.Shadow.CSM.TransitionScale:1.0]]
[2022.01.28-23.15.46:145][  0]LogConfig: Setting CVar [[r.Shadow.PreShadowResolutionFactor:1.0]]
[2022.01.28-23.15.46:145][  0]LogConfig: Setting CVar [[r.DistanceFieldShadowing:1]]
[2022.01.28-23.15.46:145][  0]LogConfig: Setting CVar [[r.DistanceFieldAO:1]]
[2022.01.28-23.15.46:145][  0]LogConfig: Setting CVar [[r.AOQuality:2]]
[2022.01.28-23.15.46:145][  0]LogConfig: Setting CVar [[r.VolumetricFog:1]]
[2022.01.28-23.15.46:145][  0]LogConfig: Setting CVar [[r.VolumetricFog.GridPixelSize:8]]
[2022.01.28-23.15.46:145][  0]LogConfig: Setting CVar [[r.VolumetricFog.GridSizeZ:128]]
[2022.01.28-23.15.46:145][  0]LogConfig: Setting CVar [[r.VolumetricFog.HistoryMissSupersampleCount:4]]
[2022.01.28-23.15.46:145][  0]LogConfig: Setting CVar [[r.LightMaxDrawDistanceScale:1]]
[2022.01.28-23.15.46:145][  0]LogConfig: Setting CVar [[r.CapsuleShadows:1]]
[2022.01.28-23.15.46:145][  0]LogConfig: Applying CVar settings from Section [PostProcessQuality@3] File [D:/game_jam/Inversion/Saved/Config/Windows/Scalability.ini]
[2022.01.28-23.15.46:145][  0]LogConfig: Setting CVar [[r.MotionBlurQuality:4]]
[2022.01.28-23.15.46:145][  0]LogConfig: Setting CVar [[r.AmbientOcclusionMipLevelFactor:0.4]]
[2022.01.28-23.15.46:145][  0]LogConfig: Setting CVar [[r.AmbientOcclusionMaxQuality:100]]
[2022.01.28-23.15.46:145][  0]LogConfig: Setting CVar [[r.AmbientOcclusionLevels:-1]]
[2022.01.28-23.15.46:145][  0]LogConfig: Setting CVar [[r.AmbientOcclusionRadiusScale:1.0]]
[2022.01.28-23.15.46:145][  0]LogConfig: Setting CVar [[r.DepthOfFieldQuality:2]]
[2022.01.28-23.15.46:145][  0]LogConfig: Setting CVar [[r.RenderTargetPoolMin:400]]
[2022.01.28-23.15.46:145][  0]LogConfig: Setting CVar [[r.LensFlareQuality:2]]
[2022.01.28-23.15.46:145][  0]LogConfig: Setting CVar [[r.SceneColorFringeQuality:1]]
[2022.01.28-23.15.46:145][  0]LogConfig: Setting CVar [[r.EyeAdaptationQuality:2]]
[2022.01.28-23.15.46:145][  0]LogConfig: Setting CVar [[r.BloomQuality:5]]
[2022.01.28-23.15.46:145][  0]LogConfig: Setting CVar [[r.FastBlurThreshold:100]]
[2022.01.28-23.15.46:146][  0]LogConfig: Setting CVar [[r.Upscale.Quality:3]]
[2022.01.28-23.15.46:146][  0]LogConfig: Setting CVar [[r.Tonemapper.GrainQuantization:1]]
[2022.01.28-23.15.46:146][  0]LogConfig: Setting CVar [[r.LightShaftQuality:1]]
[2022.01.28-23.15.46:146][  0]LogConfig: Setting CVar [[r.Filter.SizeScale:1]]
[2022.01.28-23.15.46:146][  0]LogConfig: Setting CVar [[r.Tonemapper.Quality:5]]
[2022.01.28-23.15.46:146][  0]LogConfig: Setting CVar [[r.DOF.Gather.AccumulatorQuality:1        ; higher gathering accumulator quality]]
[2022.01.28-23.15.46:146][  0]LogConfig: Setting CVar [[r.DOF.Gather.PostfilterMethod:1          ; Median3x3 postfilering method]]
[2022.01.28-23.15.46:146][  0]LogConfig: Setting CVar [[r.DOF.Gather.EnableBokehSettings:0       ; no bokeh simulation when gathering]]
[2022.01.28-23.15.46:146][  0]LogConfig: Setting CVar [[r.DOF.Gather.RingCount:4                 ; medium number of samples when gathering]]
[2022.01.28-23.15.46:146][  0]LogConfig: Setting CVar [[r.DOF.Scatter.ForegroundCompositing:1    ; additive foreground scattering]]
[2022.01.28-23.15.46:146][  0]LogConfig: Setting CVar [[r.DOF.Scatter.BackgroundCompositing:2    ; additive background scattering]]
[2022.01.28-23.15.46:146][  0]LogConfig: Setting CVar [[r.DOF.Scatter.EnableBokehSettings:1      ; bokeh simulation when scattering]]
[2022.01.28-23.15.46:146][  0]LogConfig: Setting CVar [[r.DOF.Scatter.MaxSpriteRatio:0.1         ; only a maximum of 10% of scattered bokeh]]
[2022.01.28-23.15.46:146][  0]LogConfig: Setting CVar [[r.DOF.Recombine.Quality:1                ; cheap slight out of focus]]
[2022.01.28-23.15.46:146][  0]LogConfig: Setting CVar [[r.DOF.Recombine.EnableBokehSettings:0    ; no bokeh simulation on slight out of focus]]
[2022.01.28-23.15.46:146][  0]LogConfig: Setting CVar [[r.DOF.TemporalAAQuality:1                ; more stable temporal accumulation]]
[2022.01.28-23.15.46:146][  0]LogConfig: Setting CVar [[r.DOF.Kernel.MaxForegroundRadius:0.025]]
[2022.01.28-23.15.46:146][  0]LogConfig: Setting CVar [[r.DOF.Kernel.MaxBackgroundRadius:0.025]]
[2022.01.28-23.15.46:146][  0]LogConfig: Applying CVar settings from Section [TextureQuality@3] File [D:/game_jam/Inversion/Saved/Config/Windows/Scalability.ini]
[2022.01.28-23.15.46:146][  0]LogConfig: Setting CVar [[r.Streaming.MipBias:0]]
[2022.01.28-23.15.46:146][  0]LogConfig: Setting CVar [[r.Streaming.AmortizeCPUToGPUCopy:0]]
[2022.01.28-23.15.46:146][  0]LogConfig: Setting CVar [[r.Streaming.MaxNumTexturesToStreamPerFrame:0]]
[2022.01.28-23.15.46:146][  0]LogConfig: Setting CVar [[r.Streaming.Boost:1]]
[2022.01.28-23.15.46:146][  0]LogConfig: Setting CVar [[r.MaxAnisotropy:8]]
[2022.01.28-23.15.46:146][  0]LogConfig: Setting CVar [[r.VT.MaxAnisotropy:8]]
[2022.01.28-23.15.46:146][  0]LogConfig: Setting CVar [[r.Streaming.LimitPoolSizeToVRAM:0]]
[2022.01.28-23.15.46:146][  0]LogConfig: Setting CVar [[r.Streaming.PoolSize:1000]]
[2022.01.28-23.15.46:146][  0]LogConfig: Setting CVar [[r.Streaming.MaxEffectiveScreenSize:0]]
[2022.01.28-23.15.46:146][  0]LogConfig: Applying CVar settings from Section [EffectsQuality@3] File [D:/game_jam/Inversion/Saved/Config/Windows/Scalability.ini]
[2022.01.28-23.15.46:146][  0]LogConfig: Setting CVar [[r.TranslucencyLightingVolumeDim:64]]
[2022.01.28-23.15.46:146][  0]LogConfig: Setting CVar [[r.RefractionQuality:2]]
[2022.01.28-23.15.46:146][  0]LogConfig: Setting CVar [[r.SSR.Quality:3]]
[2022.01.28-23.15.46:146][  0]LogConfig: Setting CVar [[r.SSR.HalfResSceneColor:0]]
[2022.01.28-23.15.46:146][  0]LogConfig: Setting CVar [[r.SceneColorFormat:4]]
[2022.01.28-23.15.46:146][  0]LogConfig: Setting CVar [[r.DetailMode:2]]
[2022.01.28-23.15.46:146][  0]LogConfig: Setting CVar [[r.TranslucencyVolumeBlur:1]]
[2022.01.28-23.15.46:146][  0]LogConfig: Setting CVar [[r.MaterialQualityLevel:1 ; High quality]]
[2022.01.28-23.15.46:146][  0]LogConfig: Setting CVar [[r.AnisotropicMaterials:1]]
[2022.01.28-23.15.46:146][  0]LogConfig: Setting CVar [[r.SSS.Scale:1]]
[2022.01.28-23.15.46:146][  0]LogConfig: Setting CVar [[r.SSS.SampleSet:2]]
[2022.01.28-23.15.46:146][  0]LogConfig: Setting CVar [[r.SSS.Quality:1]]
[2022.01.28-23.15.46:146][  0]LogConfig: Setting CVar [[r.SSS.HalfRes:0]]
[2022.01.28-23.15.46:146][  0]LogConfig: Setting CVar [[r.SSGI.Quality:3]]
[2022.01.28-23.15.46:146][  0]LogConfig: Setting CVar [[r.EmitterSpawnRateScale:1.0]]
[2022.01.28-23.15.46:146][  0]LogConfig: Setting CVar [[r.ParticleLightQuality:2]]
[2022.01.28-23.15.46:146][  0]LogConfig: Setting CVar [[r.SkyAtmosphere.AerialPerspectiveLUT.FastApplyOnOpaque:1 ; Always have FastSkyLUT 1 in this case to avoid wrong sky]]
[2022.01.28-23.15.46:146][  0]LogConfig: Setting CVar [[r.SkyAtmosphere.AerialPerspectiveLUT.SampleCountMaxPerSlice:4]]
[2022.01.28-23.15.46:146][  0]LogConfig: Setting CVar [[r.SkyAtmosphere.AerialPerspectiveLUT.DepthResolution:16.0]]
[2022.01.28-23.15.46:146][  0]LogConfig: Setting CVar [[r.SkyAtmosphere.FastSkyLUT:1]]
[2022.01.28-23.15.46:146][  0]LogConfig: Setting CVar [[r.SkyAtmosphere.FastSkyLUT.SampleCountMin:4.0]]
[2022.01.28-23.15.46:146][  0]LogConfig: Setting CVar [[r.SkyAtmosphere.FastSkyLUT.SampleCountMax:128.0]]
[2022.01.28-23.15.46:146][  0]LogConfig: Setting CVar [[r.SkyAtmosphere.SampleCountMin:4.0]]
[2022.01.28-23.15.46:146][  0]LogConfig: Setting CVar [[r.SkyAtmosphere.SampleCountMax:128.0]]
[2022.01.28-23.15.46:146][  0]LogConfig: Setting CVar [[r.SkyAtmosphere.TransmittanceLUT.UseSmallFormat:0]]
[2022.01.28-23.15.46:146][  0]LogConfig: Setting CVar [[r.SkyAtmosphere.TransmittanceLUT.SampleCount:10.0]]
[2022.01.28-23.15.46:146][  0]LogConfig: Setting CVar [[r.SkyAtmosphere.MultiScatteringLUT.SampleCount:15.0]]
[2022.01.28-23.15.46:146][  0]LogConfig: Setting CVar [[r.SkyLight.RealTimeReflectionCapture:1]]
[2022.01.28-23.15.46:146][  0]LogConfig: Applying CVar settings from Section [FoliageQuality@3] File [D:/game_jam/Inversion/Saved/Config/Windows/Scalability.ini]
[2022.01.28-23.15.46:146][  0]LogConfig: Setting CVar [[foliage.DensityScale:1.0]]
[2022.01.28-23.15.46:146][  0]LogConfig: Setting CVar [[grass.DensityScale:1.0]]
[2022.01.28-23.15.46:146][  0]LogConfig: Applying CVar settings from Section [ShadingQuality@3] File [D:/game_jam/Inversion/Saved/Config/Windows/Scalability.ini]
[2022.01.28-23.15.46:146][  0]LogConfig: Setting CVar [[r.HairStrands.SkyLighting.IntegrationType:2]]
[2022.01.28-23.15.46:146][  0]LogConfig: Setting CVar [[r.HairStrands.SkyAO.SampleCount:4]]
[2022.01.28-23.15.46:146][  0]LogConfig: Setting CVar [[r.HairStrands.Visibility.MSAA.SamplePerPixel:4]]
[2022.01.28-23.15.46:146][  0]LogConfig: Applying CVar settings from Section [Startup] File [../../../Engine/Config/ConsoleVariables.ini]
[2022.01.28-23.15.46:169][  0]LogConfig: Setting CVar [[net.UseAdaptiveNetUpdateFrequency:0]]
[2022.01.28-23.15.46:169][  0]LogConfig: Setting CVar [[p.chaos.AllowCreatePhysxBodies:1]]
[2022.01.28-23.15.46:169][  0]LogConfig: Setting CVar [[fx.SkipVectorVMBackendOptimizations:1]]
[2022.01.28-23.15.46:169][  0]LogConfig: Applying CVar settings from Section [ConsoleVariables] File [D:/game_jam/Inversion/Saved/Config/Windows/Engine.ini]
[2022.01.28-23.15.46:169][  0]LogConfig: Applying CVar settings from Section [ConsoleVariables] File [D:/game_jam/Inversion/Saved/Config/Windows/Editor.ini]
[2022.01.28-23.15.46:183][  0]LogInit: Computer: DESKTOP-H6SBFRB
[2022.01.28-23.15.46:183][  0]LogInit: User: Devan
[2022.01.28-23.15.46:183][  0]LogInit: CPU Page size=4096, Cores=10
[2022.01.28-23.15.46:183][  0]LogInit: High frequency timer resolution =10.000000 MHz
[2022.01.28-23.15.46:183][  0]LogMemory: Memory total: Physical=31.9GB (32GB approx)
[2022.01.28-23.15.46:183][  0]LogMemory: Platform Memory Stats for Windows
[2022.01.28-23.15.46:183][  0]LogMemory: Process Physical Memory: 152.13 MB used, 152.13 MB peak
[2022.01.28-23.15.46:183][  0]LogMemory: Process Virtual Memory: 136.62 MB used, 136.62 MB peak
[2022.01.28-23.15.46:183][  0]LogMemory: Physical Memory: 18330.96 MB used,  14334.64 MB free, 32665.61 MB total
[2022.01.28-23.15.46:183][  0]LogMemory: Virtual Memory: 134203488.00 MB used,  14239.87 MB free, 134217728.00 MB total
[2022.01.28-23.15.46:191][  0]LogWindows: WindowsPlatformFeatures enabled
[2022.01.28-23.15.47:060][  0]LogInit: Physics initialised using underlying interface: PhysX
[2022.01.28-23.15.47:111][  0]LogInit: Using OS detected language (en-US).
[2022.01.28-23.15.47:111][  0]LogInit: Using OS detected locale (en-US).
[2022.01.28-23.15.47:113][  0]LogTextLocalizationManager: No specific localization for 'en-US' exists, so the 'en' localization will be used.
[2022.01.28-23.15.47:978][  0]LogInit: Setting process to per monitor DPI aware
[2022.01.28-23.15.48:113][  0]LogWindowsTextInputMethodSystem: Display: IME system deactivated.
[2022.01.28-23.15.48:786][  0]LogSlate: New Slate User Created.  User Index 0, Is Virtual User: 0
[2022.01.28-23.15.48:793][  0]LogSlate: Slate User Registered.  User Index 0, Is Virtual User: 0
[2022.01.28-23.15.52:541][  0]LogD3D11RHI: Loaded GFSDK_Aftermath_Lib.x64.dll
[2022.01.28-23.15.52:676][  0]LogHMD: Failed to initialize OpenVR with code 126
[2022.01.28-23.15.52:676][  0]LogD3D11RHI: D3D11 min allowed feature level: 11_0
[2022.01.28-23.15.52:676][  0]LogD3D11RHI: D3D11 max allowed feature level: 11_0
[2022.01.28-23.15.52:676][  0]LogD3D11RHI: D3D11 adapters:
[2022.01.28-23.15.52:775][  0]LogD3D11RHI:    0. 'NVIDIA GeForce RTX 3060 Ti' (Feature Level 11_0)
[2022.01.28-23.15.52:775][  0]LogD3D11RHI:       8050/0/16332 MB DedicatedVideo/DedicatedSystem/SharedSystem, Outputs:1, VendorId:0x10de
[2022.01.28-23.15.52:778][  0]LogD3D11RHI:    1. 'Microsoft Basic Render Driver' (Feature Level 11_0)
[2022.01.28-23.15.52:778][  0]LogD3D11RHI:       0/0/16332 MB DedicatedVideo/DedicatedSystem/SharedSystem, Outputs:0, VendorId:0x1414
[2022.01.28-23.15.52:778][  0]LogD3D11RHI: Chosen D3D11 Adapter:
[2022.01.28-23.15.52:778][  0]LogD3D11RHI:     Description : NVIDIA GeForce RTX 3060 Ti
[2022.01.28-23.15.52:778][  0]LogD3D11RHI:     VendorId    : 10de
[2022.01.28-23.15.52:778][  0]LogD3D11RHI:     DeviceId    : 2489
[2022.01.28-23.15.52:778][  0]LogD3D11RHI:     SubSysId    : c9721462
[2022.01.28-23.15.52:778][  0]LogD3D11RHI:     Revision    : 00a1
[2022.01.28-23.15.52:778][  0]LogD3D11RHI:     DedicatedVideoMemory : 8441036800 bytes
[2022.01.28-23.15.52:778][  0]LogD3D11RHI:     DedicatedSystemMemory : 0 bytes
[2022.01.28-23.15.52:778][  0]LogD3D11RHI:     SharedSystemMemory : 17126184960 bytes
[2022.01.28-23.15.52:778][  0]LogD3D11RHI:     AdapterLuid : 0 55316
[2022.01.28-23.15.52:787][  0]LogD3D11RHI: Creating new Direct3DDevice
[2022.01.28-23.15.52:787][  0]LogD3D11RHI:     GPU DeviceId: 0x2489 (for the marketing name, search the web for "GPU Device Id")
[2022.01.28-23.15.52:787][  0]LogWindows: EnumDisplayDevices:
[2022.01.28-23.15.52:787][  0]LogWindows:    0. 'NVIDIA GeForce RTX 3060 Ti' (P:1 D:1)
[2022.01.28-23.15.52:788][  0]LogWindows:    1. 'NVIDIA GeForce RTX 3060 Ti' (P:0 D:0)
[2022.01.28-23.15.52:788][  0]LogWindows:    2. 'NVIDIA GeForce RTX 3060 Ti' (P:0 D:0)
[2022.01.28-23.15.52:788][  0]LogWindows:    3. 'NVIDIA GeForce RTX 3060 Ti' (P:0 D:0)
[2022.01.28-23.15.52:788][  0]LogWindows: DebugString: FoundDriverCount:4 
[2022.01.28-23.15.52:788][  0]LogD3D11RHI:     Adapter Name: NVIDIA GeForce RTX 3060 Ti
[2022.01.28-23.15.52:788][  0]LogD3D11RHI:   Driver Version: 496.49 (internal:30.0.14.9649, unified:496.49)
[2022.01.28-23.15.52:788][  0]LogD3D11RHI:      Driver Date: 10-20-2021
[2022.01.28-23.15.52:788][  0]LogRHI: Texture pool is 5635 MB (70% of 8050 MB)
[2022.01.28-23.15.52:788][  0]LogD3D11RHI: Creating D3DDevice using adapter:
[2022.01.28-23.15.52:788][  0]LogD3D11RHI:     Description : NVIDIA GeForce RTX 3060 Ti
[2022.01.28-23.15.52:788][  0]LogD3D11RHI:     VendorId    : 10de
[2022.01.28-23.15.52:788][  0]LogD3D11RHI:     DeviceId    : 2489
[2022.01.28-23.15.52:788][  0]LogD3D11RHI:     SubSysId    : c9721462
[2022.01.28-23.15.52:788][  0]LogD3D11RHI:     Revision    : 00a1
[2022.01.28-23.15.52:788][  0]LogD3D11RHI:     DedicatedVideoMemory : 8441036800 bytes
[2022.01.28-23.15.52:788][  0]LogD3D11RHI:     DedicatedSystemMemory : 0 bytes
[2022.01.28-23.15.52:788][  0]LogD3D11RHI:     SharedSystemMemory : 17126184960 bytes
[2022.01.28-23.15.52:788][  0]LogD3D11RHI:     AdapterLuid : 0 55316
[2022.01.28-23.15.52:836][  0]LogD3D11RHI: RHI has support for 64 bit atomics
[2022.01.28-23.15.52:837][  0]LogD3D11RHI: Async texture creation enabled
[2022.01.28-23.15.52:837][  0]LogD3D11RHI: Array index from any shader is supported
[2022.01.28-23.15.53:151][  0]LogD3D11RHI: GPU Timing Frequency: 1000.000000 (Debug: 2 1)
[2022.01.28-23.15.54:714][  0]LogRHI: GeForceNow SDK initialized: 1
[2022.01.28-23.15.55:794][  0]LogTargetPlatformManager: Display: Loaded TargetPlatform 'AllDesktop'
[2022.01.28-23.15.55:869][  0]LogTargetPlatformManager: Display: Loaded TargetPlatform 'Android'
[2022.01.28-23.15.55:869][  0]LogTargetPlatformManager: Display: Loaded TargetPlatform 'Android_ASTC'
[2022.01.28-23.15.55:869][  0]LogTargetPlatformManager: Display: Loaded TargetPlatform 'Android_DXT'
[2022.01.28-23.15.55:869][  0]LogTargetPlatformManager: Display: Loaded TargetPlatform 'Android_ETC2'
[2022.01.28-23.15.55:869][  0]LogTargetPlatformManager: Display: Loaded TargetPlatform 'AndroidClient'
[2022.01.28-23.15.55:869][  0]LogTargetPlatformManager: Display: Loaded TargetPlatform 'Android_ASTCClient'
[2022.01.28-23.15.55:869][  0]LogTargetPlatformManager: Display: Loaded TargetPlatform 'Android_DXTClient'
[2022.01.28-23.15.55:869][  0]LogTargetPlatformManager: Display: Loaded TargetPlatform 'Android_ETC2Client'
[2022.01.28-23.15.55:869][  0]LogTargetPlatformManager: Display: Loaded TargetPlatform 'Android_Multi'
[2022.01.28-23.15.55:869][  0]LogTargetPlatformManager: Display: Loaded TargetPlatform 'Android_MultiClient'
[2022.01.28-23.15.56:014][  0]LogTargetPlatformManager: Display: Loaded TargetPlatform 'IOSClient'
[2022.01.28-23.15.56:014][  0]LogTargetPlatformManager: Display: Loaded TargetPlatform 'IOS'
[2022.01.28-23.15.56:063][  0]LogTargetPlatformManager: Display: Loaded TargetPlatform 'Linux'
[2022.01.28-23.15.56:136][  0]LogTargetPlatformManager: Display: Loaded TargetPlatform 'LinuxNoEditor'
[2022.01.28-23.15.56:191][  0]LogTargetPlatformManager: Display: Loaded TargetPlatform 'LinuxClient'
[2022.01.28-23.15.56:218][  0]LogTargetPlatformManager: Display: Loaded TargetPlatform 'LinuxServer'
[2022.01.28-23.15.56:245][  0]LogTargetPlatformManager: Display: Loaded TargetPlatform 'LinuxAArch64NoEditor'
[2022.01.28-23.15.56:267][  0]LogTargetPlatformManager: Display: Loaded TargetPlatform 'LinuxAArch64Client'
[2022.01.28-23.15.56:290][  0]LogTargetPlatformManager: Display: Loaded TargetPlatform 'LinuxAArch64Server'
[2022.01.28-23.15.56:384][  0]LogTargetPlatformManager: Display: Loaded TargetPlatform 'Lumin'
[2022.01.28-23.15.56:384][  0]LogTargetPlatformManager: Display: Loaded TargetPlatform 'LuminClient'
[2022.01.28-23.15.56:428][  0]LogTargetPlatformManager: Display: Loaded TargetPlatform 'MacNoEditor'
[2022.01.28-23.15.56:463][  0]LogTargetPlatformManager: Display: Loaded TargetPlatform 'Mac'
[2022.01.28-23.15.56:492][  0]LogTargetPlatformManager: Display: Loaded TargetPlatform 'MacClient'
[2022.01.28-23.15.56:507][  0]LogTargetPlatformManager: Display: Loaded TargetPlatform 'MacServer'
[2022.01.28-23.15.56:541][  0]LogTargetPlatformManager: Display: Loaded TargetPlatform 'TVOSClient'
[2022.01.28-23.15.56:541][  0]LogTargetPlatformManager: Display: Loaded TargetPlatform 'TVOS'
[2022.01.28-23.15.56:609][  0]LogTargetPlatformManager: Display: Loaded TargetPlatform 'WindowsNoEditor'
[2022.01.28-23.15.56:647][  0]LogTargetPlatformManager: Display: Loaded TargetPlatform 'Windows'
[2022.01.28-23.15.56:676][  0]LogTargetPlatformManager: Display: Loaded TargetPlatform 'WindowsClient'
[2022.01.28-23.15.56:713][  0]LogTargetPlatformManager: Display: Loaded TargetPlatform 'WindowsServer'
[2022.01.28-23.15.56:713][  0]LogTargetPlatformManager: Display: Building Assets For Windows
[2022.01.28-23.15.56:906][  0]LogAudioDebug: Display: Lib vorbis DLL was dynamically loaded.
[2022.01.28-23.15.57:294][  0]LogTextureFormatOodle: Display: Oodle Texture 2.9.0 init RDO Off
[2022.01.28-23.15.58:273][  0]LogRendererCore: Ray tracing is disabled. Reason: r.RayTracing=0.
[2022.01.28-23.15.58:285][  0]LogShaderCompilers: Guid format shader working directory is 12 characters bigger than the processId version (../../../../../game_jam/Inversion/Intermediate/Shaders/WorkingDirectory/25496/).
[2022.01.28-23.15.58:285][  0]LogShaderCompilers: Cleaned the shader compiler working directory 'C:/Users/Devan/AppData/Local/Temp/UnrealShaderWorkingDir/3D959D8A48B82CA9C0BBCE82433DE09F/'.
[2022.01.28-23.15.58:289][  0]LogXGEController: Cannot use XGE Controller as Incredibuild is not installed on this machine.
[2022.01.28-23.15.58:289][  0]LogShaderCompilers: Cannot use XGE Shader Compiler as Incredibuild is not installed on this machine.
[2022.01.28-23.15.58:289][  0]LogShaderCompilers: Display: Using Local Shader Compiler.
[2022.01.28-23.15.59:785][  0]LogDerivedDataCache: Display: Max Cache Size: 512 MB
[2022.01.28-23.15.59:785][  0]LogDerivedDataCache: Display: Starting with empty Boot cache
[2022.01.28-23.15.59:785][  0]LogDerivedDataCache: FDerivedDataBackendGraph:  Pak pak cache file ../../../../../game_jam/Inversion/DerivedDataCache/DDC.ddp not found, will not use a pak cache.
[2022.01.28-23.15.59:785][  0]LogDerivedDataCache: Unable to find inner node Pak for hierarchical cache Hierarchy.
[2022.01.28-23.15.59:785][  0]LogDerivedDataCache: FDerivedDataBackendGraph:  CompressedPak pak cache file ../../../../../game_jam/Inversion/DerivedDataCache/Compressed.ddp not found, will not use a pak cache.
[2022.01.28-23.15.59:785][  0]LogDerivedDataCache: Unable to find inner node CompressedPak for hierarchical cache Hierarchy.
[2022.01.28-23.15.59:889][  0]LogDerivedDataCache: Display: Pak cache opened for reading ../../../Engine/DerivedDataCache/Compressed.ddp.
[2022.01.28-23.15.59:889][  0]LogDerivedDataCache: FDerivedDataBackendGraph:  EnterprisePak pak cache file ../../../Enterprise/DerivedDataCache/Compressed.ddp not found, will not use a pak cache.
[2022.01.28-23.15.59:889][  0]LogDerivedDataCache: Unable to find inner node EnterprisePak for hierarchical cache Hierarchy.
[2022.01.28-23.15.59:929][  0]LogDerivedDataCache: Speed tests for C:/Users/Devan/AppData/Local/UnrealEngine/Common/DerivedDataCache took 0.04 seconds
[2022.01.28-23.15.59:930][  0]LogDerivedDataCache: Display: Performance to C:/Users/Devan/AppData/Local/UnrealEngine/Common/DerivedDataCache: Latency=0.26ms. RandomReadSpeed=28.19MBs, RandomWriteSpeed=228.16MBs. Assigned SpeedClass 'Local'
[2022.01.28-23.15.59:930][  0]LogDerivedDataCache: Using Local data cache path C:/Users/Devan/AppData/Local/UnrealEngine/Common/DerivedDataCache: Writable
[2022.01.28-23.15.59:930][  0]LogDerivedDataCache: Shared data cache path not found in *engine.ini, will not use an Shared cache.
[2022.01.28-23.15.59:930][  0]LogDerivedDataCache: Unable to find inner node Shared for hierarchical cache Hierarchy.
[2022.01.28-23.16.00:449][  0]LogSlate: Using FreeType 2.10.0
[2022.01.28-23.16.00:599][  0]LogSlate: SlateFontServices - WITH_FREETYPE: 1, WITH_HARFBUZZ: 1
[2022.01.28-23.16.01:501][  0]LogAssetRegistry: FAssetRegistry took 0.0331 seconds to start up
[2022.01.28-23.16.20:584][  0]LogInit: Selected Device Profile: [Windows]
[2022.01.28-23.16.20:584][  0]LogInit: Active device profile: [000001A386381200][000001A384152740 49] Windows
[2022.01.28-23.16.20:584][  0]LogInit: Profiles: [000001A386381200][000001A384152740 49] Windows, [000001A386342F00][000001A3848348C0 49] WindowsNoEditor, [000001A386382300][000001A384838A40 49] WindowsServer, [000001A386343C00][000001A38483CBC0 49] WindowsClient, [000001A386382F00][000001A384840D40 49] IOS, [000001A386342900][000001A384844EC0 49] iPadAir, [000001A386382600][000001A384849040 49] iPadAir2, [000001A3862E5A00][000001A384851300 49] IPadPro, [000001A3862E5B00][000001A38484D340 49] iPadAir3, [000001A386341A00][000001A3848554C0 49] iPadAir4, [000001A3862E6900][000001A384859640 49] iPadMini2, [000001A386343A00][000001A38485D7C0 49] iPadMini3, [000001A3862E7500][000001A384861940 49] iPadMini4, [000001A386342300][000001A384865AC0 49] iPadMini5, [000001A38630D300][000001A384868180 49] iPhone6, [000001A38630D400][000001A382E961C0 49] iPodTouch6, [000001A386382900][000001A384874440 49] iPhone7, [000001A386381400][000001A38486C480 49] iPodTouch7, [000001A3862E4F00][000001A384878600 49] iPhone5S, [000001A386381B00][000001A38487C780 49] iPhone6Plus, [000001A3862E7D00][000001A384880900 49] iPhone6S, [000001A386381F00][000001A384884A80 49] iPhone6SPlus, [000001A3862E4C00][000001A384888C00 49] iPhone7Plus, [000001A386380E00][000001A38488CD80 49] iPhoneSE, [000001A3862E5900][000001A384890F00 49] iPhone8, [000001A3862E7A00][000001A384895080 49] iPhone8Plus, [000001A38630CB00][000001A384899200 49] iPhoneX, [000001A3862E7400][000001A38489D380 49] iPhoneXS, [000001A38630FC00][000001A3848A1500 49] iPhoneXSMax, [000001A3862E4300][000001A3848A5680 49] iPhoneXR, [000001A38630F900][000001A3848A9800 49] iPhone11, [000001A3862E5D00][000001A3848AD980 49] iPhone11Pro, [000001A38630EA00][000001A3848B1B00 49] iPhone11ProMax, [000001A3862E6C00][000001A3848B4100 49] iPhoneSE2, [000001A38630CA00][000001A384870240 49] iPhone12Mini, [000001A386381000][000001A3848B8380 49] iPhone12, [000001A38630CD00][000001A3848BC4C0 49] iPhone12Pro, [000001A386380100][000001A3848C4640 49] iPhone12ProMax, [000001A38630C800][000001A3848C87C0 49] iPadPro105, [000001A386381600][000001A3848CC940 49] iPadPro129, [000001A38630EE00][000001A386A9EAC0 49] iPadPro97, [000001A386380400][000001A386AA2C40 49] iPadPro2_129, [000001A38630DF00][000001A386AA6DC0 49] iPad5, [000001A386383100][000001A386AAAF40 49] iPad6, [000001A38630EB00][000001A386AAF0C0 49] iPad7, [000001A386383600][000001A386AB3240 49] iPad8, [000001A38630E600][000001A386AB73C0 49] iPadPro11, [000001A386381A00][000001A386ABB540 49] iPadPro2_11, [000001A38630C500][000001A386ABF6C0 49] iPadPro3_129, [000001A386383B00][000001A386AC3840 49] iPadPro4_129, [000001A38630EC00][000001A386AC79C0 49] AppleTV, [000001A386382800][000001A386ACBB40 49] AppleTV4K, [000001A38630F400][000001A386ACE140 49] TVOS, [000001A386380500][000001A386AD22C0 49] Mac, [000001A38630EF00][000001A3848C0400 49] MacClient, [000001A386383900][000001A386AD6540 49] MacNoEditor, [000001A38630F100][000001A386ADA680 49] MacServer, [000001A386383400][000001A386ADE7C0 49] Linux, [000001A38630DB00][000001A386AE6940 49] LinuxAArch64, [000001A386383200][000001A386AEAAC0 49] LinuxNoEditor, [000001A38630E800][000001A386AEEC40 49] LinuxAArch64NoEditor, [000001A386383700][000001A386AF2DC0 49] LinuxClient, [000001A38630D100][000001A386AF6F40 49] LinuxAArch64Client, [000001A386383D00][000001A386AFB0C0 49] LinuxServer, [000001A38630F500][000001A386AFF240 49] LinuxAArch64Server, [000001A386381D00][000001A386B033C0 49] Android, [000001A38630D000][000001A386B07540 49] Android_Low, [000001A386382E00][000001A386B0B6C0 49] Android_Mid, [000001A38630DE00][000001A386B0F840 49] Android_High, [000001A386382400][000001A386B139C0 49] Android_Default, [000001A38630F800][000001A386B17B40 49] Android_Adreno4xx, [000001A386380200][000001A386B1A140 49] Android_Adreno5xx_Low, [000001A38630F200][000001A386B1E2C0 49] Android_Adreno5xx, [000001A386380800][000001A386B22440 49] Android_Adreno6xx, [000001A38630E900][000001A386AE2580 49] Android_Adreno6xx_Vulkan, [000001A386380F00][000001A386B266C0 49] Android_Mali_T6xx, [000001A38630E000][000001A386B2A800 49] Android_Mali_T7xx, [000001A386381800][000001A386B2E940 49] Android_Mali_T8xx, [000001A38630ED00][000001A386B36AC0 49] Android_Mali_G71, [000001A386381500][000001A386B3AC40 49] Android_Mali_G72, [000001A38630F600][000001A386B3EDC0 49] Android_Mali_G72_Vulkan, [000001A386382500][000001A386B42F40 49] Android_Mali_G76, [000001A386342400][000001A386B470C0 49] Android_Mali_G76_Vulkan, [000001A3862E5000][000001A386B4B240 49] Android_Mali_G77, [000001A386341300][000001A386B4F3C0 49] Android_Mali_G77_Vulkan, [000001A3862E6200][000001A386B53540 49] Android_Mali_G78, [000001A386342A00][000001A386B576C0 49] Android_Mali_G78_Vulkan, [000001A3862E5200][000001A386B5B840 49] Android_Mali_G710, [000001A386341600][000001A386B5F9C0 49] Android_Mali_G710_Vulkan, [000001A3862E4400][000001A386B63B40 49] Android_Vulkan_SM5, [000001A386343600][000001A386B66140 49] Android_PowerVR_G6xxx, [000001A3862E7600][000001A386B6A2C0 49] Android_PowerVR_GT7xxx, [000001A386342500][000001A386B6E440 49] Android_PowerVR_GE8xxx, [000001A3862E7100][000001A386B725C0 49] Android_PowerVR_GM9xxx, [000001A386340700][000001A386B76740 49] Android_PowerVR_GM9xxx_Vulkan, [000001A3862E5C00][000001A386B32880 49] Android_TegraK1, [000001A386343B00][000001A386B7A9C0 49] Android_Unknown_Vulkan, [000001A3862E4600][000001A386B7EB00 49] Lumin, [000001A386342600][000001A386B86C80 49] Lumin_Desktop, [000001A3862E4500][000001A386B8AE00 49] HoloLens, 
[2022.01.28-23.16.22:028][  0]LogMeshReduction: Using QuadricMeshReduction for automatic static mesh reduction
[2022.01.28-23.16.22:028][  0]LogMeshReduction: Using SimplygonMeshReduction for automatic skeletal mesh reduction
[2022.01.28-23.16.22:028][  0]LogMeshReduction: Using ProxyLODMeshReduction for automatic mesh merging
[2022.01.28-23.16.22:028][  0]LogMeshReduction: No distributed automatic mesh merging module available
[2022.01.28-23.16.22:029][  0]LogMeshMerging: No distributed automatic mesh merging module available
[2022.01.28-23.16.22:380][  0]LogNetVersion: Inversion 1.0.0, NetCL: 17155196, EngineNetVer: 17, GameNetVer: 0 (Checksum: 284156509)
[2022.01.28-23.16.38:734][  0]LogTexture: Default maximum texture size for cubemaps generated from long-lat sources has been changed from 512 to unlimited. In order to preserve old behaiour for '/Engine/MapTemplates/Sky/DaylightAmbientCubemap.DaylightAmbientCubemap', its maximum texture size has been explicitly set to 512.
[2022.01.28-23.16.39:519][  0]LogHMD: PokeAHoleMaterial loaded successfully
[2022.01.28-23.16.39:621][  0]LogUObjectArray: 17178 objects as part of root set at end of initial load.
[2022.01.28-23.16.39:621][  0]LogUObjectAllocator: 4302048 out of 0 bytes used by permanent object pool.
[2022.01.28-23.16.39:635][  0]LogUObjectArray: CloseDisregardForGC: 0/0 objects in disregard for GC pool
[2022.01.28-23.16.44:324][  0]LogNiagaraDebuggerClient: Niagara Debugger Client Initialized | Session: E108947A49362CE29EE4D1B2EEC65417 | Instance: CA3699DB462F61CD8D7ECCB1081E07C5 (DESKTOP-H6SBFRB-25496).
[2022.01.28-23.16.45:294][  0]LogPython: Using Python 3.7.7
[2022.01.28-23.16.47:996][  0]LogTcpMessaging: Initializing TcpMessaging bridge
[2022.01.28-23.16.48:019][  0]LogUdpMessaging: Initializing bridge on interface 0.0.0.0:0 to multicast group 230.0.0.1:6666.
[2022.01.28-23.16.49:620][  0]SourceControl: Source control is disabled
[2022.01.28-23.16.49:625][  0]SourceControl: Source control is disabled
[2022.01.28-23.16.49:749][  0]SourceControl: Source control is disabled
[2022.01.28-23.16.49:783][  0]SourceControl: Source control is disabled
[2022.01.28-23.16.49:901][  0]SourceControl: Source control is disabled
[2022.01.28-23.16.49:976][  0]LogUProjectInfo: Found projects:
[2022.01.28-23.16.52:653][  0]LogOpenImageDenoise: OIDN starting up
[2022.01.28-23.16.52:872][  0]LogAndroidPermission: UAndroidPermissionCallbackProxy::GetInstance
[2022.01.28-23.16.52:900][  0]LogAudioCaptureCore: Display: No Audio Capture implementations found. Audio input will be silent.
[2022.01.28-23.16.52:900][  0]LogAudioCaptureCore: Display: No Audio Capture implementations found. Audio input will be silent.
[2022.01.28-23.16.53:728][  0]LogCollectionManager: Loaded 0 collections in 0.001623 seconds
[2022.01.28-23.16.53:961][  0]LogFileCache: Scanning file cache for directory 'D:/game_jam/Inversion/Saved/Collections/' took 0.02s
[2022.01.28-23.16.53:961][  0]LogFileCache: Scanning file cache for directory 'D:/game_jam/Inversion/Content/Developers/Devan/Collections/' took 0.01s
[2022.01.28-23.16.53:961][  0]LogFileCache: Scanning file cache for directory 'D:/game_jam/Inversion/Content/Collections/' took 0.01s
[2022.01.28-23.16.53:961][  0]LogOcInput: OculusInput pre-init called
[2022.01.28-23.16.56:640][  0]LogClass: Display: IntProperty FRegisteredDeviceInfo::Handle is not initialized properly. Module:RawInput File:Public/RawInputFunctionLibrary.h
[2022.01.28-23.16.56:640][  0]LogClass: Display: IntProperty FRegisteredDeviceInfo::VendorID is not initialized properly. Module:RawInput File:Public/RawInputFunctionLibrary.h
[2022.01.28-23.16.56:640][  0]LogClass: Display: IntProperty FRegisteredDeviceInfo::ProductID is not initialized properly. Module:RawInput File:Public/RawInputFunctionLibrary.h
[2022.01.28-23.16.56:651][  0]LogClass: Display: 3 Uninitialized script struct members found including 0 object properties
[2022.01.28-23.16.56:816][  0]LogEngine: Initializing Engine...
[2022.01.28-23.16.56:945][  0]LogHMD: Failed to initialize OpenVR with code 108
[2022.01.28-23.16.57:026][  0]LogHMD: Optional extension XR_VARJO_quad_views is not available
[2022.01.28-23.16.57:026][  0]LogHMD: Warning: Required extension XR_EXT_eye_gaze_interaction is not available
[2022.01.28-23.16.57:026][  0]LogHMD: Could not enable all required OpenXR extensions for OpenXREyeTracker on current system. This plugin will be loaded but ignored, but will be enabled on a target platform that supports the required extension.
[2022.01.28-23.16.57:530][  0]LogHMD: Failed to get an OpenXR system, result is XR_ERROR_FORM_FACTOR_UNAVAILABLE. Please check that your runtime supports VR headsets.
[2022.01.28-23.16.57:540][  0]LogMagicLeap: Warning: VR disabled because ZI is not enabled.  To enable, in the editor, Edit -> Project Settings -> Plugins -> Magic Leap Plugin -> Enable Zero Iteration
[2022.01.28-23.16.57:764][  0]LogStats: UGameplayTagsManager::InitializeManager -  0.002 s
[2022.01.28-23.16.58:804][  0]LogInit: Initializing FReadOnlyCVARCache
[2022.01.28-23.16.59:394][  0]LogAIModule: Creating AISystem for world Untitled
[2022.01.28-23.16.59:408][  0]LogAudio: Display: Initializing Audio Device Manager...
[2022.01.28-23.16.59:518][  0]LogAudio: Display: Loading Default Audio Settings Objects...
[2022.01.28-23.16.59:519][  0]LogAudio: Display: No default SoundConcurrencyObject specified (or failed to load).
[2022.01.28-23.16.59:534][  0]LogAudio: Display: Audio Device Manager Initialized
[2022.01.28-23.16.59:534][  0]LogAudio: Display: Creating Audio Device:                 Id: 1, Scope: Shared, Realtime: True
[2022.01.28-23.16.59:599][  0]LogAudioMixer: Display: Audio Mixer Platform Settings:
[2022.01.28-23.16.59:599][  0]LogAudioMixer: Display: 	Sample Rate:						  48000
[2022.01.28-23.16.59:599][  0]LogAudioMixer: Display: 	Callback Buffer Frame Size Requested: 1024
[2022.01.28-23.16.59:599][  0]LogAudioMixer: Display: 	Callback Buffer Frame Size To Use:	  1024
[2022.01.28-23.16.59:599][  0]LogAudioMixer: Display: 	Number of buffers to queue:			  2
[2022.01.28-23.16.59:599][  0]LogAudioMixer: Display: 	Max Channels (voices):				  32
[2022.01.28-23.16.59:599][  0]LogAudioMixer: Display: 	Number of Async Source Workers:		  0
[2022.01.28-23.16.59:599][  0]LogAudio: Display: AudioDevice MaxSources: 32
[2022.01.28-23.16.59:607][  0]LogAudio: Display: Audio Spatialization Plugin: None (built-in).
[2022.01.28-23.16.59:607][  0]LogAudio: Display: Audio Reverb Plugin: None (built-in).
[2022.01.28-23.16.59:608][  0]LogAudio: Display: Audio Occlusion Plugin: None (built-in).
[2022.01.28-23.16.59:616][  0]LogAudioMixer: Display: Initializing audio mixer.
[2022.01.28-23.16.59:781][  0]LogAudioMixer: Display: 0: FrontLeft
[2022.01.28-23.16.59:781][  0]LogAudioMixer: Display: 1: FrontRight
[2022.01.28-23.16.59:794][  0]LogAudioMixer: Display: Using Audio Device Headphones (2- Realtek USB2.0 Audio)
[2022.01.28-23.16.59:831][  0]LogAudioMixer: Display: Initializing Sound Submixes...
[2022.01.28-23.16.59:834][  0]LogAudioMixer: Display: Creating Master Submix 'MasterSubmixDefault'
[2022.01.28-23.16.59:838][  0]LogAudioMixer: Display: Creating Master Submix 'MasterReverbSubmixDefault'
[2022.01.28-23.16.59:840][  0]LogAudioMixer: Display: Creating Master Submix 'MasterEQSubmixDefault'
[2022.01.28-23.16.59:841][  0]LogAudioMixer: FMixerPlatformXAudio2::StartAudioStream() called
[2022.01.28-23.16.59:841][  0]LogAudioMixer: Display: Output buffers initialized: Frames=1024, Channels=2, Samples=2048
[2022.01.28-23.16.59:842][  0]LogAudioMixer: Display: Starting AudioMixerPlatformInterface::RunInternal()
[2022.01.28-23.16.59:842][  0]LogAudioMixer: Display: FMixerPlatformXAudio2::SubmitBuffer() called for the first time
[2022.01.28-23.16.59:842][  0]LogInit: FAudioDevice initialized.
[2022.01.28-23.16.59:856][  0]LogAudio: Display: Audio Device (ID: 1) registered with world 'Untitled'.
[2022.01.28-23.16.59:868][  0]LogNetVersion: Set ProjectVersion to 1.0.0.0. Version Checksum will be recalculated on next use.
[2022.01.28-23.16.59:925][  0]LogDerivedDataCache: Saved boot cache 0.06s 94MB C:/Users/Devan/AppData/Local/UnrealEngine/4.27/DerivedDataCache/Boot.ddc.
[2022.01.28-23.16.59:925][  0]LogInit: Texture streaming: Enabled
[2022.01.28-23.17.00:091][  0]LogAnalytics: Display: [UEEditor.Rocket.Release] APIServer = https://datarouter.ol.epicgames.com/. AppVersion = 4.27.2-18319896+++UE4+Release-4.27
[2022.01.28-23.17.00:133][  0]LogEngineSessionManager: EngineSessionManager initialized
[2022.01.28-23.17.00:143][  0]LogEditorSessionSummary: Verbose: Initializing EditorSessionSummaryWriter for editor session tracking
[2022.01.28-23.17.00:178][  0]LogEditorSessionSummary: EditorSessionSummaryWriter initialized
[2022.01.28-23.17.00:520][  0]LogInit: Transaction tracking system initialized
[2022.01.28-23.17.00:982][  0]BlueprintLog: New page: Editor Load
[2022.01.28-23.17.02:474][  0]LocalizationService: Localization service is disabled
[2022.01.28-23.17.03:054][  0]TimingProfiler: Initialize
[2022.01.28-23.17.03:068][  0]TimingProfiler: OnSessionChanged
[2022.01.28-23.17.03:069][  0]LoadingProfiler: Initialize
[2022.01.28-23.17.03:069][  0]LoadingProfiler: OnSessionChanged
[2022.01.28-23.17.03:084][  0]NetworkingProfiler: Initialize
[2022.01.28-23.17.03:092][  0]NetworkingProfiler: OnSessionChanged
[2022.01.28-23.17.03:092][  0]MemoryProfiler: Initialize
[2022.01.28-23.17.03:092][  0]MemoryProfiler: OnSessionChanged
[2022.01.28-23.17.04:906][  0]LogFileCache: Scanning file cache for directory 'D:/game_jam/Inversion/Content/' took 0.05s
[2022.01.28-23.17.04:906][  0]LogCook: Display: CookSettings for Memory: MemoryMaxUsedVirtual 0MiB, MemoryMaxUsedPhysical 16384MiB, MemoryMinFreeVirtual 0MiB, MemoryMinFreePhysical 1024MiB
[2022.01.28-23.17.04:906][  0]LogCook: Display: Mobile HDR setting 1
[2022.01.28-23.17.07:464][  0]LogInit: Display: Engine is initialized. Leaving FEngineLoop::Init()
[2022.01.28-23.17.07:572][  0]SourceControl: Source control is disabled
[2022.01.28-23.17.07:588][  0]LogUnrealEdMisc: Loading editor; pre map load, took 95.150
[2022.01.28-23.17.07:604][  0]Cmd: MAP LOAD FILE="../../../../../game_jam/Inversion/Content/VehicleBP/Maps/VehicleExampleMap.umap" TEMPLATE=0 SHOWPROGRESS=1 FEATURELEVEL=3
[2022.01.28-23.17.07:617][  0]LightingResults: New page: Lighting Build
[2022.01.28-23.17.07:718][  0]LogWorld: UWorld::CleanupWorld for Untitled, bSessionEnded=true, bCleanupResources=true
[2022.01.28-23.17.07:827][  0]LogSlate: InvalidateAllWidgets triggered.  All widgets were invalidated
[2022.01.28-23.17.07:930][  0]MapCheck: New page: Map Check
[2022.01.28-23.17.07:930][  0]LightingResults: New page: Lighting Build
[2022.01.28-23.17.08:312][  0]LogAudio: Display: Audio Device unregistered from world 'None'.
[2022.01.28-23.17.08:717][  0]LogUObjectHash: Compacting FUObjectHashTables data took   8.71ms
[2022.01.28-23.17.09:757][  0]LogSkeletalMesh: Display: [AssetLog] D:\game_jam\Inversion\Content\Vehicle\Sedan\Sedan_SkelMesh.uasset: Find and fix some bad tangent! please re-import this skeletal mesh asset to fix the issue. The shading of the skeletal mesh will be bad and faceted.
[2022.01.28-23.17.09:998][  0]LogAudio: Display: Audio Device (ID: 1) registered with world 'VehicleExampleMap'.
[2022.01.28-23.17.09:998][  0]LogAIModule: Creating AISystem for world VehicleExampleMap
[2022.01.28-23.17.10:509][  0]LogEditorServer: Finished looking for orphan Actors (0.000 secs)
[2022.01.28-23.17.10:577][  0]LogUObjectHash: Compacting FUObjectHashTables data took   0.72ms
[2022.01.28-23.17.10:582][  0]Cmd: MAP CHECKDEP NOCLEARLOG
[2022.01.28-23.17.10:582][  0]MapCheck: Map check complete: 0 Error(s), 0 Warning(s), took 0.351ms to complete.
[2022.01.28-23.17.10:582][  0]LogFileHelpers: Loading map 'VehicleExampleMap' took 2.981
[2022.01.28-23.17.11:715][  0]LogUnrealEdMisc: Total Editor Startup Time, took 99.292
[2022.01.28-23.17.12:828][  0]LogSlate: Updating window title bar state: overlay mode, drag disabled, window buttons hidden, title bar hidden
[2022.01.28-23.17.12:834][  0]LogSlate: Updating window title bar state: overlay mode, drag disabled, window buttons hidden, title bar hidden
[2022.01.28-23.17.12:838][  0]LogSlate: Updating window title bar state: overlay mode, drag disabled, window buttons hidden, title bar hidden
[2022.01.28-23.17.12:842][  0]LogSlate: Updating window title bar state: overlay mode, drag disabled, window buttons hidden, title bar hidden
[2022.01.28-23.17.13:248][  0]LogNativeClassHierarchy: Verbose: Native class hierarchy populated in 0.0079 seconds. Added 3824 classes and 931 folders.
[2022.01.28-23.17.13:440][  0]LogNativeClassHierarchy: Verbose: Native class hierarchy updated for 'WidgetCarousel' in 0.0003 seconds. Added 0 classes and 0 folders.
[2022.01.28-23.17.13:561][  0]LogPakFile: PakFile PrimaryIndexSize=187
[2022.01.28-23.17.13:561][  0]LogPakFile: PakFile PathHashIndexSize=101
[2022.01.28-23.17.13:561][  0]LogPakFile: PakFile FullDirectoryIndexSize=148
[2022.01.28-23.17.13:614][  0]LogShaderLibrary: Display: ShaderCodeLibraryPakFileMountedCallback: PakFile 'D:/Epic_games_library/UE_4.27/FeaturePacks/FP_FirstPerson.upack' (chunk index -1, root 'root:/') mounted
[2022.01.28-23.17.13:614][  0]LogShaderLibrary: Display: ShaderCodeLibraryPakFileMountedCallback: pending pak file info (ChunkID:-1 Root:root:/ File:D:/Epic_games_library/UE_4.27/FeaturePacks/FP_FirstPerson.upack)
[2022.01.28-23.17.13:632][  0]LogPakFile: OnPakFileMounted2Time == 0.070586
[2022.01.28-23.17.13:651][  0]LogPakFile: PakFile PrimaryIndexSize=189
[2022.01.28-23.17.13:651][  0]LogPakFile: PakFile PathHashIndexSize=101
[2022.01.28-23.17.13:651][  0]LogPakFile: PakFile FullDirectoryIndexSize=152
[2022.01.28-23.17.13:651][  0]LogShaderLibrary: Display: ShaderCodeLibraryPakFileMountedCallback: PakFile 'D:/Epic_games_library/UE_4.27/FeaturePacks/FP_FirstPersonBP.upack' (chunk index -1, root 'root:/') mounted
[2022.01.28-23.17.13:651][  0]LogShaderLibrary: Display: ShaderCodeLibraryPakFileMountedCallback: pending pak file info (ChunkID:-1 Root:root:/ File:D:/Epic_games_library/UE_4.27/FeaturePacks/FP_FirstPersonBP.upack)
[2022.01.28-23.17.13:651][  0]LogPakFile: OnPakFileMounted2Time == 0.000041
[2022.01.28-23.17.13:652][  0]LogPakFile: PakFile PrimaryIndexSize=191
[2022.01.28-23.17.13:652][  0]LogPakFile: PakFile PathHashIndexSize=101
[2022.01.28-23.17.13:652][  0]LogPakFile: PakFile FullDirectoryIndexSize=160
[2022.01.28-23.17.13:652][  0]LogShaderLibrary: Display: ShaderCodeLibraryPakFileMountedCallback: PakFile 'D:/Epic_games_library/UE_4.27/FeaturePacks/MobileStarterContent.upack' (chunk index -1, root 'root:/') mounted
[2022.01.28-23.17.13:652][  0]LogShaderLibrary: Display: ShaderCodeLibraryPakFileMountedCallback: pending pak file info (ChunkID:-1 Root:root:/ File:D:/Epic_games_library/UE_4.27/FeaturePacks/MobileStarterContent.upack)
[2022.01.28-23.17.13:652][  0]LogPakFile: OnPakFileMounted2Time == 0.000028
[2022.01.28-23.17.13:653][  0]LogPakFile: PakFile PrimaryIndexSize=185
[2022.01.28-23.17.13:653][  0]LogPakFile: PakFile PathHashIndexSize=101
[2022.01.28-23.17.13:653][  0]LogPakFile: PakFile FullDirectoryIndexSize=148
[2022.01.28-23.17.13:653][  0]LogShaderLibrary: Display: ShaderCodeLibraryPakFileMountedCallback: PakFile 'D:/Epic_games_library/UE_4.27/FeaturePacks/StarterContent.upack' (chunk index -1, root 'root:/') mounted
[2022.01.28-23.17.13:653][  0]LogShaderLibrary: Display: ShaderCodeLibraryPakFileMountedCallback: pending pak file info (ChunkID:-1 Root:root:/ File:D:/Epic_games_library/UE_4.27/FeaturePacks/StarterContent.upack)
[2022.01.28-23.17.13:653][  0]LogPakFile: OnPakFileMounted2Time == 0.000030
[2022.01.28-23.17.13:653][  0]LogPakFile: PakFile PrimaryIndexSize=190
[2022.01.28-23.17.13:653][  0]LogPakFile: PakFile PathHashIndexSize=101
[2022.01.28-23.17.13:653][  0]LogPakFile: PakFile FullDirectoryIndexSize=154
[2022.01.28-23.17.13:653][  0]LogShaderLibrary: Display: ShaderCodeLibraryPakFileMountedCallback: PakFile 'D:/Epic_games_library/UE_4.27/FeaturePacks/TP_2DSideScroller.upack' (chunk index -1, root 'root:/') mounted
[2022.01.28-23.17.13:653][  0]LogShaderLibrary: Display: ShaderCodeLibraryPakFileMountedCallback: pending pak file info (ChunkID:-1 Root:root:/ File:D:/Epic_games_library/UE_4.27/FeaturePacks/TP_2DSideScroller.upack)
[2022.01.28-23.17.13:653][  0]LogPakFile: OnPakFileMounted2Time == 0.000025
[2022.01.28-23.17.13:654][  0]LogPakFile: PakFile PrimaryIndexSize=192
[2022.01.28-23.17.13:654][  0]LogPakFile: PakFile PathHashIndexSize=101
[2022.01.28-23.17.13:654][  0]LogPakFile: PakFile FullDirectoryIndexSize=158
[2022.01.28-23.17.13:654][  0]LogShaderLibrary: Display: ShaderCodeLibraryPakFileMountedCallback: PakFile 'D:/Epic_games_library/UE_4.27/FeaturePacks/TP_2DSideScrollerBP.upack' (chunk index -1, root 'root:/') mounted
[2022.01.28-23.17.13:654][  0]LogShaderLibrary: Display: ShaderCodeLibraryPakFileMountedCallback: pending pak file info (ChunkID:-1 Root:root:/ File:D:/Epic_games_library/UE_4.27/FeaturePacks/TP_2DSideScrollerBP.upack)
[2022.01.28-23.17.13:654][  0]LogPakFile: OnPakFileMounted2Time == 0.000026
[2022.01.28-23.17.13:655][  0]LogPakFile: PakFile PrimaryIndexSize=182
[2022.01.28-23.17.13:655][  0]LogPakFile: PakFile PathHashIndexSize=101
[2022.01.28-23.17.13:655][  0]LogPakFile: PakFile FullDirectoryIndexSize=138
[2022.01.28-23.17.13:655][  0]LogShaderLibrary: Display: ShaderCodeLibraryPakFileMountedCallback: PakFile 'D:/Epic_games_library/UE_4.27/FeaturePacks/TP_Flying.upack' (chunk index -1, root 'root:/') mounted
[2022.01.28-23.17.13:655][  0]LogShaderLibrary: Display: ShaderCodeLibraryPakFileMountedCallback: pending pak file info (ChunkID:-1 Root:root:/ File:D:/Epic_games_library/UE_4.27/FeaturePacks/TP_Flying.upack)
[2022.01.28-23.17.13:655][  0]LogPakFile: OnPakFileMounted2Time == 0.000026
[2022.01.28-23.17.13:655][  0]LogPakFile: PakFile PrimaryIndexSize=184
[2022.01.28-23.17.13:655][  0]LogPakFile: PakFile PathHashIndexSize=101
[2022.01.28-23.17.13:655][  0]LogPakFile: PakFile FullDirectoryIndexSize=142
[2022.01.28-23.17.13:655][  0]LogShaderLibrary: Display: ShaderCodeLibraryPakFileMountedCallback: PakFile 'D:/Epic_games_library/UE_4.27/FeaturePacks/TP_FlyingBP.upack' (chunk index -1, root 'root:/') mounted
[2022.01.28-23.17.13:655][  0]LogShaderLibrary: Display: ShaderCodeLibraryPakFileMountedCallback: pending pak file info (ChunkID:-1 Root:root:/ File:D:/Epic_games_library/UE_4.27/FeaturePacks/TP_FlyingBP.upack)
[2022.01.28-23.17.13:655][  0]LogPakFile: OnPakFileMounted2Time == 0.000025
[2022.01.28-23.17.13:656][  0]LogPakFile: PakFile PrimaryIndexSize=188
[2022.01.28-23.17.13:656][  0]LogPakFile: PakFile PathHashIndexSize=101
[2022.01.28-23.17.13:656][  0]LogPakFile: PakFile FullDirectoryIndexSize=150
[2022.01.28-23.17.13:656][  0]LogShaderLibrary: Display: ShaderCodeLibraryPakFileMountedCallback: PakFile 'D:/Epic_games_library/UE_4.27/FeaturePacks/TP_HandheldARBP.upack' (chunk index -1, root 'root:/') mounted
[2022.01.28-23.17.13:656][  0]LogShaderLibrary: Display: ShaderCodeLibraryPakFileMountedCallback: pending pak file info (ChunkID:-1 Root:root:/ File:D:/Epic_games_library/UE_4.27/FeaturePacks/TP_HandheldARBP.upack)
[2022.01.28-23.17.13:656][  0]LogPakFile: OnPakFileMounted2Time == 0.000030
[2022.01.28-23.17.13:657][  0]LogPakFile: PakFile PrimaryIndexSize=182
[2022.01.28-23.17.13:657][  0]LogPakFile: PakFile PathHashIndexSize=101
[2022.01.28-23.17.13:657][  0]LogPakFile: PakFile FullDirectoryIndexSize=138
[2022.01.28-23.17.13:657][  0]LogShaderLibrary: Display: ShaderCodeLibraryPakFileMountedCallback: PakFile 'D:/Epic_games_library/UE_4.27/FeaturePacks/TP_Puzzle.upack' (chunk index -1, root 'root:/') mounted
[2022.01.28-23.17.13:657][  0]LogShaderLibrary: Display: ShaderCodeLibraryPakFileMountedCallback: pending pak file info (ChunkID:-1 Root:root:/ File:D:/Epic_games_library/UE_4.27/FeaturePacks/TP_Puzzle.upack)
[2022.01.28-23.17.13:657][  0]LogPakFile: OnPakFileMounted2Time == 0.000025
[2022.01.28-23.17.13:658][  0]LogPakFile: PakFile PrimaryIndexSize=184
[2022.01.28-23.17.13:658][  0]LogPakFile: PakFile PathHashIndexSize=101
[2022.01.28-23.17.13:658][  0]LogPakFile: PakFile FullDirectoryIndexSize=142
[2022.01.28-23.17.13:658][  0]LogShaderLibrary: Display: ShaderCodeLibraryPakFileMountedCallback: PakFile 'D:/Epic_games_library/UE_4.27/FeaturePacks/TP_PuzzleBP.upack' (chunk index -1, root 'root:/') mounted
[2022.01.28-23.17.13:658][  0]LogShaderLibrary: Display: ShaderCodeLibraryPakFileMountedCallback: pending pak file info (ChunkID:-1 Root:root:/ File:D:/Epic_games_library/UE_4.27/FeaturePacks/TP_PuzzleBP.upack)
[2022.01.28-23.17.13:658][  0]LogPakFile: OnPakFileMounted2Time == 0.000025
[2022.01.28-23.17.13:658][  0]LogPakFile: PakFile PrimaryIndexSize=183
[2022.01.28-23.17.13:658][  0]LogPakFile: PakFile PathHashIndexSize=101
[2022.01.28-23.17.13:658][  0]LogPakFile: PakFile FullDirectoryIndexSize=140
[2022.01.28-23.17.13:658][  0]LogShaderLibrary: Display: ShaderCodeLibraryPakFileMountedCallback: PakFile 'D:/Epic_games_library/UE_4.27/FeaturePacks/TP_Rolling.upack' (chunk index -1, root 'root:/') mounted
[2022.01.28-23.17.13:658][  0]LogShaderLibrary: Display: ShaderCodeLibraryPakFileMountedCallback: pending pak file info (ChunkID:-1 Root:root:/ File:D:/Epic_games_library/UE_4.27/FeaturePacks/TP_Rolling.upack)
[2022.01.28-23.17.13:658][  0]LogPakFile: OnPakFileMounted2Time == 0.000028
[2022.01.28-23.17.13:659][  0]LogPakFile: PakFile PrimaryIndexSize=185
[2022.01.28-23.17.13:659][  0]LogPakFile: PakFile PathHashIndexSize=101
[2022.01.28-23.17.13:659][  0]LogPakFile: PakFile FullDirectoryIndexSize=144
[2022.01.28-23.17.13:659][  0]LogShaderLibrary: Display: ShaderCodeLibraryPakFileMountedCallback: PakFile 'D:/Epic_games_library/UE_4.27/FeaturePacks/TP_RollingBP.upack' (chunk index -1, root 'root:/') mounted
[2022.01.28-23.17.13:659][  0]LogShaderLibrary: Display: ShaderCodeLibraryPakFileMountedCallback: pending pak file info (ChunkID:-1 Root:root:/ File:D:/Epic_games_library/UE_4.27/FeaturePacks/TP_RollingBP.upack)
[2022.01.28-23.17.13:659][  0]LogPakFile: OnPakFileMounted2Time == 0.000025
[2022.01.28-23.17.13:660][  0]LogPakFile: PakFile PrimaryIndexSize=188
[2022.01.28-23.17.13:660][  0]LogPakFile: PakFile PathHashIndexSize=101
[2022.01.28-23.17.13:660][  0]LogPakFile: PakFile FullDirectoryIndexSize=150
[2022.01.28-23.17.13:660][  0]LogShaderLibrary: Display: ShaderCodeLibraryPakFileMountedCallback: PakFile 'D:/Epic_games_library/UE_4.27/FeaturePacks/TP_SideScroller.upack' (chunk index -1, root 'root:/') mounted
[2022.01.28-23.17.13:660][  0]LogShaderLibrary: Display: ShaderCodeLibraryPakFileMountedCallback: pending pak file info (ChunkID:-1 Root:root:/ File:D:/Epic_games_library/UE_4.27/FeaturePacks/TP_SideScroller.upack)
[2022.01.28-23.17.13:660][  0]LogPakFile: OnPakFileMounted2Time == 0.000025
[2022.01.28-23.17.13:660][  0]LogPakFile: PakFile PrimaryIndexSize=190
[2022.01.28-23.17.13:660][  0]LogPakFile: PakFile PathHashIndexSize=101
[2022.01.28-23.17.13:660][  0]LogPakFile: PakFile FullDirectoryIndexSize=154
[2022.01.28-23.17.13:660][  0]LogShaderLibrary: Display: ShaderCodeLibraryPakFileMountedCallback: PakFile 'D:/Epic_games_library/UE_4.27/FeaturePacks/TP_SideScrollerBP.upack' (chunk index -1, root 'root:/') mounted
[2022.01.28-23.17.13:660][  0]LogShaderLibrary: Display: ShaderCodeLibraryPakFileMountedCallback: pending pak file info (ChunkID:-1 Root:root:/ File:D:/Epic_games_library/UE_4.27/FeaturePacks/TP_SideScrollerBP.upack)
[2022.01.28-23.17.13:660][  0]LogPakFile: OnPakFileMounted2Time == 0.000025
[2022.01.28-23.17.13:661][  0]LogPakFile: PakFile PrimaryIndexSize=187
[2022.01.28-23.17.13:661][  0]LogPakFile: PakFile PathHashIndexSize=101
[2022.01.28-23.17.13:661][  0]LogPakFile: PakFile FullDirectoryIndexSize=148
[2022.01.28-23.17.13:661][  0]LogShaderLibrary: Display: ShaderCodeLibraryPakFileMountedCallback: PakFile 'D:/Epic_games_library/UE_4.27/FeaturePacks/TP_ThirdPerson.upack' (chunk index -1, root 'root:/') mounted
[2022.01.28-23.17.13:661][  0]LogShaderLibrary: Display: ShaderCodeLibraryPakFileMountedCallback: pending pak file info (ChunkID:-1 Root:root:/ File:D:/Epic_games_library/UE_4.27/FeaturePacks/TP_ThirdPerson.upack)
[2022.01.28-23.17.13:661][  0]LogPakFile: OnPakFileMounted2Time == 0.000025
[2022.01.28-23.17.13:662][  0]LogPakFile: PakFile PrimaryIndexSize=189
[2022.01.28-23.17.13:662][  0]LogPakFile: PakFile PathHashIndexSize=101
[2022.01.28-23.17.13:662][  0]LogPakFile: PakFile FullDirectoryIndexSize=152
[2022.01.28-23.17.13:662][  0]LogShaderLibrary: Display: ShaderCodeLibraryPakFileMountedCallback: PakFile 'D:/Epic_games_library/UE_4.27/FeaturePacks/TP_ThirdPersonBP.upack' (chunk index -1, root 'root:/') mounted
[2022.01.28-23.17.13:662][  0]LogShaderLibrary: Display: ShaderCodeLibraryPakFileMountedCallback: pending pak file info (ChunkID:-1 Root:root:/ File:D:/Epic_games_library/UE_4.27/FeaturePacks/TP_ThirdPersonBP.upack)
[2022.01.28-23.17.13:662][  0]LogPakFile: OnPakFileMounted2Time == 0.000025
[2022.01.28-23.17.13:662][  0]LogPakFile: PakFile PrimaryIndexSize=183
[2022.01.28-23.17.13:662][  0]LogPakFile: PakFile PathHashIndexSize=101
[2022.01.28-23.17.13:662][  0]LogPakFile: PakFile FullDirectoryIndexSize=140
[2022.01.28-23.17.13:662][  0]LogShaderLibrary: Display: ShaderCodeLibraryPakFileMountedCallback: PakFile 'D:/Epic_games_library/UE_4.27/FeaturePacks/TP_TopDown.upack' (chunk index -1, root 'root:/') mounted
[2022.01.28-23.17.13:662][  0]LogShaderLibrary: Display: ShaderCodeLibraryPakFileMountedCallback: pending pak file info (ChunkID:-1 Root:root:/ File:D:/Epic_games_library/UE_4.27/FeaturePacks/TP_TopDown.upack)
[2022.01.28-23.17.13:662][  0]LogPakFile: OnPakFileMounted2Time == 0.000030
[2022.01.28-23.17.13:663][  0]LogPakFile: PakFile PrimaryIndexSize=185
[2022.01.28-23.17.13:663][  0]LogPakFile: PakFile PathHashIndexSize=101
[2022.01.28-23.17.13:663][  0]LogPakFile: PakFile FullDirectoryIndexSize=144
[2022.01.28-23.17.13:663][  0]LogShaderLibrary: Display: ShaderCodeLibraryPakFileMountedCallback: PakFile 'D:/Epic_games_library/UE_4.27/FeaturePacks/TP_TopDownBP.upack' (chunk index -1, root 'root:/') mounted
[2022.01.28-23.17.13:663][  0]LogShaderLibrary: Display: ShaderCodeLibraryPakFileMountedCallback: pending pak file info (ChunkID:-1 Root:root:/ File:D:/Epic_games_library/UE_4.27/FeaturePacks/TP_TopDownBP.upack)
[2022.01.28-23.17.13:663][  0]LogPakFile: OnPakFileMounted2Time == 0.000026
[2022.01.28-23.17.13:664][  0]LogPakFile: PakFile PrimaryIndexSize=185
[2022.01.28-23.17.13:664][  0]LogPakFile: PakFile PathHashIndexSize=101
[2022.01.28-23.17.13:664][  0]LogPakFile: PakFile FullDirectoryIndexSize=144
[2022.01.28-23.17.13:664][  0]LogShaderLibrary: Display: ShaderCodeLibraryPakFileMountedCallback: PakFile 'D:/Epic_games_library/UE_4.27/FeaturePacks/TP_TwinStick.upack' (chunk index -1, root 'root:/') mounted
[2022.01.28-23.17.13:664][  0]LogShaderLibrary: Display: ShaderCodeLibraryPakFileMountedCallback: pending pak file info (ChunkID:-1 Root:root:/ File:D:/Epic_games_library/UE_4.27/FeaturePacks/TP_TwinStick.upack)
[2022.01.28-23.17.13:664][  0]LogPakFile: OnPakFileMounted2Time == 0.000025
[2022.01.28-23.17.13:664][  0]LogPakFile: PakFile PrimaryIndexSize=187
[2022.01.28-23.17.13:664][  0]LogPakFile: PakFile PathHashIndexSize=101
[2022.01.28-23.17.13:664][  0]LogPakFile: PakFile FullDirectoryIndexSize=148
[2022.01.28-23.17.13:664][  0]LogShaderLibrary: Display: ShaderCodeLibraryPakFileMountedCallback: PakFile 'D:/Epic_games_library/UE_4.27/FeaturePacks/TP_TwinStickBP.upack' (chunk index -1, root 'root:/') mounted
[2022.01.28-23.17.13:664][  0]LogShaderLibrary: Display: ShaderCodeLibraryPakFileMountedCallback: pending pak file info (ChunkID:-1 Root:root:/ File:D:/Epic_games_library/UE_4.27/FeaturePacks/TP_TwinStickBP.upack)
[2022.01.28-23.17.13:664][  0]LogPakFile: OnPakFileMounted2Time == 0.000025
[2022.01.28-23.17.13:665][  0]LogPakFile: PakFile PrimaryIndexSize=183
[2022.01.28-23.17.13:665][  0]LogPakFile: PakFile PathHashIndexSize=101
[2022.01.28-23.17.13:665][  0]LogPakFile: PakFile FullDirectoryIndexSize=140
[2022.01.28-23.17.13:665][  0]LogShaderLibrary: Display: ShaderCodeLibraryPakFileMountedCallback: PakFile 'D:/Epic_games_library/UE_4.27/FeaturePacks/TP_Vehicle.upack' (chunk index -1, root 'root:/') mounted
[2022.01.28-23.17.13:665][  0]LogShaderLibrary: Display: ShaderCodeLibraryPakFileMountedCallback: pending pak file info (ChunkID:-1 Root:root:/ File:D:/Epic_games_library/UE_4.27/FeaturePacks/TP_Vehicle.upack)
[2022.01.28-23.17.13:665][  0]LogPakFile: OnPakFileMounted2Time == 0.000025
[2022.01.28-23.17.13:666][  0]LogPakFile: PakFile PrimaryIndexSize=186
[2022.01.28-23.17.13:666][  0]LogPakFile: PakFile PathHashIndexSize=101
[2022.01.28-23.17.13:666][  0]LogPakFile: PakFile FullDirectoryIndexSize=146
[2022.01.28-23.17.13:666][  0]LogShaderLibrary: Display: ShaderCodeLibraryPakFileMountedCallback: PakFile 'D:/Epic_games_library/UE_4.27/FeaturePacks/TP_VehicleAdv.upack' (chunk index -1, root 'root:/') mounted
[2022.01.28-23.17.13:666][  0]LogShaderLibrary: Display: ShaderCodeLibraryPakFileMountedCallback: pending pak file info (ChunkID:-1 Root:root:/ File:D:/Epic_games_library/UE_4.27/FeaturePacks/TP_VehicleAdv.upack)
[2022.01.28-23.17.13:666][  0]LogPakFile: OnPakFileMounted2Time == 0.000028
[2022.01.28-23.17.13:666][  0]LogPakFile: PakFile PrimaryIndexSize=188
[2022.01.28-23.17.13:666][  0]LogPakFile: PakFile PathHashIndexSize=101
[2022.01.28-23.17.13:666][  0]LogPakFile: PakFile FullDirectoryIndexSize=150
[2022.01.28-23.17.13:666][  0]LogShaderLibrary: Display: ShaderCodeLibraryPakFileMountedCallback: PakFile 'D:/Epic_games_library/UE_4.27/FeaturePacks/TP_VehicleAdvBP.upack' (chunk index -1, root 'root:/') mounted
[2022.01.28-23.17.13:666][  0]LogShaderLibrary: Display: ShaderCodeLibraryPakFileMountedCallback: pending pak file info (ChunkID:-1 Root:root:/ File:D:/Epic_games_library/UE_4.27/FeaturePacks/TP_VehicleAdvBP.upack)
[2022.01.28-23.17.13:666][  0]LogPakFile: OnPakFileMounted2Time == 0.000026
[2022.01.28-23.17.13:667][  0]LogPakFile: PakFile PrimaryIndexSize=185
[2022.01.28-23.17.13:667][  0]LogPakFile: PakFile PathHashIndexSize=101
[2022.01.28-23.17.13:667][  0]LogPakFile: PakFile FullDirectoryIndexSize=144
[2022.01.28-23.17.13:667][  0]LogShaderLibrary: Display: ShaderCodeLibraryPakFileMountedCallback: PakFile 'D:/Epic_games_library/UE_4.27/FeaturePacks/TP_VehicleBP.upack' (chunk index -1, root 'root:/') mounted
[2022.01.28-23.17.13:667][  0]LogShaderLibrary: Display: ShaderCodeLibraryPakFileMountedCallback: pending pak file info (ChunkID:-1 Root:root:/ File:D:/Epic_games_library/UE_4.27/FeaturePacks/TP_VehicleBP.upack)
[2022.01.28-23.17.13:667][  0]LogPakFile: OnPakFileMounted2Time == 0.000025
[2022.01.28-23.17.13:668][  0]LogPakFile: PakFile PrimaryIndexSize=192
[2022.01.28-23.17.13:668][  0]LogPakFile: PakFile PathHashIndexSize=101
[2022.01.28-23.17.13:668][  0]LogPakFile: PakFile FullDirectoryIndexSize=158
[2022.01.28-23.17.13:668][  0]LogShaderLibrary: Display: ShaderCodeLibraryPakFileMountedCallback: PakFile 'D:/Epic_games_library/UE_4.27/FeaturePacks/TP_VirtualRealityBP.upack' (chunk index -1, root 'root:/') mounted
[2022.01.28-23.17.13:668][  0]LogShaderLibrary: Display: ShaderCodeLibraryPakFileMountedCallback: pending pak file info (ChunkID:-1 Root:root:/ File:D:/Epic_games_library/UE_4.27/FeaturePacks/TP_VirtualRealityBP.upack)
[2022.01.28-23.17.13:668][  0]LogPakFile: OnPakFileMounted2Time == 0.000028
[2022.01.28-23.17.13:796][  0]LogNativeClassHierarchy: Verbose: Native class hierarchy updated for 'AddContentDialog' in 0.0002 seconds. Added 0 classes and 0 folders.
[2022.01.28-23.17.13:900][  0]LogNativeClassHierarchy: Verbose: Native class hierarchy updated for 'SceneOutliner' in 0.0003 seconds. Added 2 classes and 0 folders.
[2022.01.28-23.17.15:444][  0]LogSlate: Took 0.034272 seconds to synchronously load lazily loaded font '../../../Engine/Content/Slate/Fonts/Roboto-Regular.ttf' (155K)
[2022.01.28-23.17.15:482][  0]LogSlate: Took 0.024261 seconds to synchronously load lazily loaded font '../../../Engine/Content/Editor/Slate/Fonts/FontAwesome.ttf' (139K)
[2022.01.28-23.17.15:541][  0]LogSlate: Took 0.024416 seconds to synchronously load lazily loaded font '../../../Engine/Content/Slate/Fonts/Roboto-Bold.ttf' (160K)
[2022.01.28-23.17.15:939][  0]LogRenderer: Reallocating scene render targets to support 1528x888 Format 10 NumSamples 1 (Frame:1).
[2022.01.28-23.17.16:580][  0]LogNativeClassHierarchy: Verbose: Native class hierarchy updated for 'HierarchicalLODOutliner' in 0.0002 seconds. Added 0 classes and 0 folders.
[2022.01.28-23.17.16:580][  0]LogLoad: (Engine Initialization) Total time: 104.16 seconds
[2022.01.28-23.17.16:580][  0]LogLoad: (Engine Initialization) Total Blueprint compile time: 0.00 seconds
[2022.01.28-23.17.16:664][  0]LogRawInputWindows: Warning: Error reading device name
[2022.01.28-23.17.16:664][  0]LogRawInputWindows: Warning: Error reading device name
[2022.01.28-23.17.16:664][  0]LogRawInputWindows: Warning: Found device 11 devices
[2022.01.28-23.17.16:664][  0]LogRawInputWindows: Warning: Error reading device name
[2022.01.28-23.17.16:664][  0]LogRawInputWindows: Warning: Error reading device name
[2022.01.28-23.17.16:664][  0]LogRawInputWindows: Warning: Found device 11 devices
[2022.01.28-23.17.16:664][  0]LogRawInputWindows: Warning: Device was registered succesfully but not connected (Usage:4 UsagePage:1)
[2022.01.28-23.17.16:664][  0]LogRawInputWindows: Warning: Error reading device name
[2022.01.28-23.17.16:664][  0]LogRawInputWindows: Warning: Error reading device name
[2022.01.28-23.17.16:664][  0]LogRawInputWindows: Warning: Found device 11 devices
[2022.01.28-23.17.16:664][  0]LogRawInputWindows: Warning: Device was registered succesfully but not connected (Usage:5 UsagePage:1)
[2022.01.28-23.17.16:839][  0]LogAssetRegistry: Asset discovery search completed in 75.3390 seconds
[2022.01.28-23.17.16:903][  0]LogCollectionManager: Fixed up redirectors for 0 collections in 0.008087 seconds (updated 0 objects)
[2022.01.28-23.17.16:946][  0]LogContentStreaming: Texture pool size now 1000 MB
[2022.01.28-23.18.50:587][992]LogTemp: Repeating last play command: Selected Viewport
[2022.01.28-23.18.50:636][992]LogPlayLevel: PlayLevel: No blueprints needed recompiling
[2022.01.28-23.18.50:757][992]PIE: New page: PIE session: VehicleExampleMap (Jan 28, 2022, 1:18:50 PM)
[2022.01.28-23.18.50:806][992]LogOnline: OSS: Creating online subsystem instance for: NULL
[2022.01.28-23.18.50:810][992]LogOnline: OSS: TryLoadSubsystemAndSetDefault: Loaded subsystem for module [NULL]
[2022.01.28-23.18.50:810][992]LogPlayLevel: Creating play world package: /Game/VehicleBP/Maps/UEDPIE_0_VehicleExampleMap
[2022.01.28-23.18.50:853][992]LogPlayLevel: PIE: StaticDuplicateObject took: (0.042358s)
[2022.01.28-23.18.50:854][992]LogAIModule: Creating AISystem for world VehicleExampleMap
[2022.01.28-23.18.50:865][992]LogPlayLevel: PIE: World Init took: (0.012034s)
[2022.01.28-23.18.50:874][992]LogPlayLevel: PIE: Created PIE world by copying editor world from /Game/VehicleBP/Maps/VehicleExampleMap.VehicleExampleMap to /Game/VehicleBP/Maps/UEDPIE_0_VehicleExampleMap.VehicleExampleMap (0.063888s)
[2022.01.28-23.18.50:906][992]LogUObjectHash: Compacting FUObjectHashTables data took   0.52ms
[2022.01.28-23.18.50:909][992]LogAudio: Display: Creating Audio Device:                 Id: 2, Scope: Unique, Realtime: True
[2022.01.28-23.18.50:909][992]LogAudioMixer: Display: Audio Mixer Platform Settings:
[2022.01.28-23.18.50:909][992]LogAudioMixer: Display: 	Sample Rate:						  48000
[2022.01.28-23.18.50:909][992]LogAudioMixer: Display: 	Callback Buffer Frame Size Requested: 1024
[2022.01.28-23.18.50:909][992]LogAudioMixer: Display: 	Callback Buffer Frame Size To Use:	  1024
[2022.01.28-23.18.50:909][992]LogAudioMixer: Display: 	Number of buffers to queue:			  2
[2022.01.28-23.18.50:909][992]LogAudioMixer: Display: 	Max Channels (voices):				  32
[2022.01.28-23.18.50:909][992]LogAudioMixer: Display: 	Number of Async Source Workers:		  0
[2022.01.28-23.18.50:909][992]LogAudio: Display: AudioDevice MaxSources: 32
[2022.01.28-23.18.50:909][992]LogAudio: Display: Audio Spatialization Plugin: None (built-in).
[2022.01.28-23.18.50:909][992]LogAudio: Display: Audio Reverb Plugin: None (built-in).
[2022.01.28-23.18.50:909][992]LogAudio: Display: Audio Occlusion Plugin: None (built-in).
[2022.01.28-23.18.50:909][992]LogAudioMixer: Display: Initializing audio mixer.
[2022.01.28-23.18.50:912][992]LogAudioMixer: Display: 0: FrontLeft
[2022.01.28-23.18.50:912][992]LogAudioMixer: Display: 1: FrontRight
[2022.01.28-23.18.50:917][992]LogAudioMixer: Display: Using Audio Device Headphones (2- Realtek USB2.0 Audio)
[2022.01.28-23.18.50:917][992]LogAudioMixer: Display: Initializing Sound Submixes...
[2022.01.28-23.18.50:917][992]LogAudioMixer: Display: Creating Master Submix 'MasterSubmixDefault'
[2022.01.28-23.18.50:917][992]LogAudioMixer: Display: Creating Master Submix 'MasterReverbSubmixDefault'
[2022.01.28-23.18.50:917][992]LogAudioMixer: Display: Creating Master Submix 'MasterEQSubmixDefault'
[2022.01.28-23.18.50:917][992]LogAudioMixer: FMixerPlatformXAudio2::StartAudioStream() called
[2022.01.28-23.18.50:917][992]LogAudioMixer: Display: Output buffers initialized: Frames=1024, Channels=2, Samples=2048
[2022.01.28-23.18.50:918][992]LogAudioMixer: Display: Starting AudioMixerPlatformInterface::RunInternal()
[2022.01.28-23.18.50:918][992]LogAudioMixer: Display: FMixerPlatformXAudio2::SubmitBuffer() called for the first time
[2022.01.28-23.18.50:918][992]LogInit: FAudioDevice initialized.
[2022.01.28-23.18.50:918][992]LogAudio: Display: Audio Device (ID: 2) registered with world 'VehicleExampleMap'.
[2022.01.28-23.18.50:940][992]LogLoad: Game class is 'VehicleGameMode_C'
[2022.01.28-23.18.51:042][992]LogWorld: Bringing World /Game/VehicleBP/Maps/UEDPIE_0_VehicleExampleMap.VehicleExampleMap up for play (max tick rate 0) at 2022.01.28-18.18.51
[2022.01.28-23.18.51:044][992]LogWorld: Bringing up level for play took: 0.025728
[2022.01.28-23.18.51:046][992]LogOnline: OSS: Creating online subsystem instance for: :Context_1
[2022.01.28-23.18.51:124][992]LogNativeClassHierarchy: Verbose: Native class hierarchy updated for 'MovieSceneCapture' in 0.0003 seconds. Added 20 classes and 0 folders.
[2022.01.28-23.18.51:189][992]PIE: Server logged in
[2022.01.28-23.18.51:197][992]PIE: Play in editor total start time 0.602 seconds.
[2022.01.28-23.19.03:047][343]LogSlate: Updating window title bar state: overlay mode, drag disabled, window buttons hidden, title bar hidden
[2022.01.28-23.19.03:047][343]LogWorld: BeginTearingDown for /Game/VehicleBP/Maps/UEDPIE_0_VehicleExampleMap
[2022.01.28-23.19.03:064][343]LogWorld: UWorld::CleanupWorld for VehicleExampleMap, bSessionEnded=true, bCleanupResources=true
[2022.01.28-23.19.03:065][343]LogSlate: InvalidateAllWidgets triggered.  All widgets were invalidated
[2022.01.28-23.19.03:073][343]LogPlayLevel: Display: Shutting down PIE online subsystems
[2022.01.28-23.19.03:084][343]LogSlate: InvalidateAllWidgets triggered.  All widgets were invalidated
[2022.01.28-23.19.03:150][343]LogAudio: Display: Audio Device unregistered from world 'None'.
[2022.01.28-23.19.03:190][343]LogAudioMixer: FMixerPlatformXAudio2::StopAudioStream() called
[2022.01.28-23.19.03:198][343]LogAudioMixer: FMixerPlatformXAudio2::StopAudioStream() called
[2022.01.28-23.19.03:202][343]LogSlate: Updating window title bar state: overlay mode, drag disabled, window buttons hidden, title bar hidden
[2022.01.28-23.19.03:216][343]LogUObjectHash: Compacting FUObjectHashTables data took   0.55ms
[2022.01.28-23.19.03:237][344]LogPlayLevel: Display: Destroying online subsystem :Context_1
